[ 2016-05-24T12:18:28+08:00 ] 127.0.0.1 /ERP/Public/EasyUi/demo.css
INFO: [ app_init ] --START--
INFO: Run Behavior\BuildLiteBehavior [ RunTime:0.000000s ]
INFO: [ app_init ] --END-- [ RunTime:0.000000s ]
ERR: 无法加载模块:Public

[ 2016-05-24T12:19:04+08:00 ] 127.0.0.1 /ERP/Public/EasyUi/demo.css
INFO: [ app_init ] --START--
INFO: Run Behavior\BuildLiteBehavior [ RunTime:0.000000s ]
INFO: [ app_init ] --END-- [ RunTime:0.000000s ]
ERR: 无法加载模块:Public

[ 2016-05-24T12:19:08+08:00 ] 127.0.0.1 /ERP/Public/EasyUi/demo.css
INFO: [ app_init ] --START--
INFO: Run Behavior\BuildLiteBehavior [ RunTime:0.000000s ]
INFO: [ app_init ] --END-- [ RunTime:0.000000s ]
ERR: 无法加载模块:Public

[ 2016-05-24T12:19:23+08:00 ] 127.0.0.1 /ERP/Public/EasyUi/demo.css
INFO: [ app_init ] --START--
INFO: Run Behavior\BuildLiteBehavior [ RunTime:0.000000s ]
INFO: [ app_init ] --END-- [ RunTime:0.000000s ]
ERR: 无法加载模块:Public

[ 2016-05-24T12:19:57+08:00 ] 127.0.0.1 /ERP/Public/EasyUi/demo.css
INFO: [ app_init ] --START--
INFO: Run Behavior\BuildLiteBehavior [ RunTime:0.000000s ]
INFO: [ app_init ] --END-- [ RunTime:0.000000s ]
ERR: 无法加载模块:Public

[ 2016-05-24T12:19:59+08:00 ] 127.0.0.1 /ERP/Public/EasyUi/demo.css
INFO: [ app_init ] --START--
INFO: Run Behavior\BuildLiteBehavior [ RunTime:0.000000s ]
INFO: [ app_init ] --END-- [ RunTime:0.000000s ]
ERR: 无法加载模块:Public

[ 2016-05-24T12:20:01+08:00 ] 127.0.0.1 /ERP/Public/EasyUi/demo.css
INFO: [ app_init ] --START--
INFO: Run Behavior\BuildLiteBehavior [ RunTime:0.000000s ]
INFO: [ app_init ] --END-- [ RunTime:0.000000s ]
ERR: 无法加载模块:Public

[ 2016-05-24T12:20:16+08:00 ] 127.0.0.1 /ERP/Public/EasyUi/demo.css
INFO: [ app_init ] --START--
INFO: Run Behavior\BuildLiteBehavior [ RunTime:0.000000s ]
INFO: [ app_init ] --END-- [ RunTime:0.000000s ]
ERR: 无法加载模块:Public

[ 2016-05-24T12:20:23+08:00 ] 127.0.0.1 /ERP/Public/EasyUi/demo.css
INFO: [ app_init ] --START--
INFO: Run Behavior\BuildLiteBehavior [ RunTime:0.000000s ]
INFO: [ app_init ] --END-- [ RunTime:0.000000s ]
ERR: 无法加载模块:Public

[ 2016-05-24T12:20:25+08:00 ] 127.0.0.1 /ERP/Public/EasyUi/demo.css
INFO: [ app_init ] --START--
INFO: Run Behavior\BuildLiteBehavior [ RunTime:0.000000s ]
INFO: [ app_init ] --END-- [ RunTime:0.015600s ]
ERR: 无法加载模块:Public

[ 2016-05-24T12:20:28+08:00 ] 127.0.0.1 /ERP/Public/EasyUi/demo.css
INFO: [ app_init ] --START--
INFO: Run Behavior\BuildLiteBehavior [ RunTime:0.000000s ]
INFO: [ app_init ] --END-- [ RunTime:0.000000s ]
ERR: 无法加载模块:Public

[ 2016-05-24T12:20:29+08:00 ] 127.0.0.1 /ERP/Public/EasyUi/demo.css
INFO: [ app_init ] --START--
INFO: Run Behavior\BuildLiteBehavior [ RunTime:0.000000s ]
INFO: [ app_init ] --END-- [ RunTime:0.000000s ]
ERR: 无法加载模块:Public

[ 2016-05-24T12:20:38+08:00 ] 127.0.0.1 /ERP/Public/EasyUi/demo.css
INFO: [ app_init ] --START--
INFO: Run Behavior\BuildLiteBehavior [ RunTime:0.000000s ]
INFO: [ app_init ] --END-- [ RunTime:0.000000s ]
ERR: 无法加载模块:Public

[ 2016-05-24T12:20:40+08:00 ] 127.0.0.1 /ERP/Public/EasyUi/demo.css
INFO: [ app_init ] --START--
INFO: Run Behavior\BuildLiteBehavior [ RunTime:0.000000s ]
INFO: [ app_init ] --END-- [ RunTime:0.000000s ]
ERR: 无法加载模块:Public

[ 2016-05-24T12:21:45+08:00 ] 127.0.0.1 /ERP/Public/EasyUi/demo.css
INFO: [ app_init ] --START--
INFO: Run Behavior\BuildLiteBehavior [ RunTime:0.000000s ]
INFO: [ app_init ] --END-- [ RunTime:0.015600s ]
ERR: 无法加载模块:Public

[ 2016-05-24T12:23:53+08:00 ] 127.0.0.1 /ERP/Public/EasyUi/demo.css
INFO: [ app_init ] --START--
INFO: Run Behavior\BuildLiteBehavior [ RunTime:0.000000s ]
INFO: [ app_init ] --END-- [ RunTime:0.000000s ]
ERR: 无法加载模块:Public

[ 2016-05-24T12:24:09+08:00 ] 127.0.0.1 /ERP/Public/EasyUi/demo.css
INFO: [ app_init ] --START--
INFO: Run Behavior\BuildLiteBehavior [ RunTime:0.000000s ]
INFO: [ app_init ] --END-- [ RunTime:0.000000s ]
ERR: 无法加载模块:Public

[ 2016-05-24T12:24:10+08:00 ] 127.0.0.1 /ERP/Public/EasyUi/demo.css
INFO: [ app_init ] --START--
INFO: Run Behavior\BuildLiteBehavior [ RunTime:0.000000s ]
INFO: [ app_init ] --END-- [ RunTime:0.000000s ]
ERR: 无法加载模块:Public

[ 2016-05-24T12:24:11+08:00 ] 127.0.0.1 /ERP/Public/EasyUi/demo.css
INFO: [ app_init ] --START--
INFO: Run Behavior\BuildLiteBehavior [ RunTime:0.000000s ]
INFO: [ app_init ] --END-- [ RunTime:0.000000s ]
ERR: 无法加载模块:Public

[ 2016-05-24T12:26:46+08:00 ] 127.0.0.1 /ERP/Public/EasyUi/demo.css
INFO: [ app_init ] --START--
INFO: Run Behavior\BuildLiteBehavior [ RunTime:0.000000s ]
INFO: [ app_init ] --END-- [ RunTime:0.000000s ]
ERR: 无法加载模块:Public

[ 2016-05-24T15:26:36+08:00 ] 127.0.0.1 /ERP/Public/EasyUi/demo.css
INFO: [ app_init ] --START--
INFO: Run Behavior\BuildLiteBehavior [ RunTime:0.000000s ]
INFO: [ app_init ] --END-- [ RunTime:0.000000s ]
ERR: 无法加载模块:Public

[ 2016-05-24T15:26:52+08:00 ] 127.0.0.1 /ERP/Public/EasyUi/demo.css
INFO: [ app_init ] --START--
INFO: Run Behavior\BuildLiteBehavior [ RunTime:0.000000s ]
INFO: [ app_init ] --END-- [ RunTime:0.000000s ]
ERR: 无法加载模块:Public

[ 2016-05-24T15:26:54+08:00 ] 127.0.0.1 /ERP/Public/EasyUi/demo.css
INFO: [ app_init ] --START--
INFO: Run Behavior\BuildLiteBehavior [ RunTime:0.000000s ]
INFO: [ app_init ] --END-- [ RunTime:0.000000s ]
ERR: 无法加载模块:Public

[ 2016-05-24T15:42:15+08:00 ] 127.0.0.1 /ERP/Public/EasyUi/demo.css
INFO: [ app_init ] --START--
INFO: Run Behavior\BuildLiteBehavior [ RunTime:0.000000s ]
INFO: [ app_init ] --END-- [ RunTime:0.000000s ]
ERR: 无法加载模块:Public

[ 2016-05-24T15:42:25+08:00 ] 127.0.0.1 /ERP/Public/EasyUi/demo.css
INFO: [ app_init ] --START--
INFO: Run Behavior\BuildLiteBehavior [ RunTime:0.000000s ]
INFO: [ app_init ] --END-- [ RunTime:0.000000s ]
ERR: 无法加载模块:Public

[ 2016-05-24T15:42:39+08:00 ] 127.0.0.1 /ERP/Public/EasyUi/demo.css
INFO: [ app_init ] --START--
INFO: Run Behavior\BuildLiteBehavior [ RunTime:0.000000s ]
INFO: [ app_init ] --END-- [ RunTime:0.000000s ]
ERR: 无法加载模块:Public

[ 2016-05-24T15:42:44+08:00 ] 127.0.0.1 /ERP/Public/EasyUi/demo.css
INFO: [ app_init ] --START--
INFO: Run Behavior\BuildLiteBehavior [ RunTime:0.000000s ]
INFO: [ app_init ] --END-- [ RunTime:0.000000s ]
ERR: 无法加载模块:Public

[ 2016-05-24T15:42:46+08:00 ] 127.0.0.1 /ERP/Public/EasyUi/demo.css
INFO: [ app_init ] --START--
INFO: Run Behavior\BuildLiteBehavior [ RunTime:0.000000s ]
INFO: [ app_init ] --END-- [ RunTime:0.000000s ]
ERR: 无法加载模块:Public

[ 2016-05-24T15:42:51+08:00 ] 127.0.0.1 /ERP/Public/EasyUi/demo.css
INFO: [ app_init ] --START--
INFO: Run Behavior\BuildLiteBehavior [ RunTime:0.000000s ]
INFO: [ app_init ] --END-- [ RunTime:0.000000s ]
ERR: 无法加载模块:Public

[ 2016-05-24T15:42:54+08:00 ] 127.0.0.1 /ERP/Public/EasyUi/demo.css
INFO: [ app_init ] --START--
INFO: Run Behavior\BuildLiteBehavior [ RunTime:0.000000s ]
INFO: [ app_init ] --END-- [ RunTime:0.000000s ]
ERR: 无法加载模块:Public

[ 2016-05-24T16:41:28+08:00 ] 127.0.0.1 /ERP/Public/EasyUi/demo.css
INFO: [ app_init ] --START--
INFO: Run Behavior\BuildLiteBehavior [ RunTime:0.000000s ]
INFO: [ app_init ] --END-- [ RunTime:0.015600s ]
ERR: 无法加载模块:Public

[ 2016-05-24T16:42:11+08:00 ] 127.0.0.1 /ERP/Public/EasyUi/demo.css
INFO: [ app_init ] --START--
INFO: Run Behavior\BuildLiteBehavior [ RunTime:0.000000s ]
INFO: [ app_init ] --END-- [ RunTime:0.000000s ]
ERR: 无法加载模块:Public

[ 2016-05-24T16:47:05+08:00 ] 127.0.0.1 /ERP/Public/EasyUi/demo.css
INFO: [ app_init ] --START--
INFO: Run Behavior\BuildLiteBehavior [ RunTime:0.000000s ]
INFO: [ app_init ] --END-- [ RunTime:0.000000s ]
ERR: 无法加载模块:Public

[ 2016-05-24T16:47:15+08:00 ] 127.0.0.1 /ERP/Public/EasyUi/demo.css
INFO: [ app_init ] --START--
INFO: Run Behavior\BuildLiteBehavior [ RunTime:0.000000s ]
INFO: [ app_init ] --END-- [ RunTime:0.015600s ]
ERR: 无法加载模块:Public

[ 2016-05-24T16:48:00+08:00 ] 127.0.0.1 /ERP/Public/EasyUi/demo.css
INFO: [ app_init ] --START--
INFO: Run Behavior\BuildLiteBehavior [ RunTime:0.000000s ]
INFO: [ app_init ] --END-- [ RunTime:0.000000s ]
ERR: 无法加载模块:Public

[ 2016-05-24T16:49:01+08:00 ] 127.0.0.1 /ERP/Public/EasyUi/demo.css
INFO: [ app_init ] --START--
INFO: Run Behavior\BuildLiteBehavior [ RunTime:0.000000s ]
INFO: [ app_init ] --END-- [ RunTime:0.000000s ]
ERR: 无法加载模块:Public

