[ 2016-02-21T12:44:42+08:00 ] 127.0.0.1 /ERP/Home/Index/index
INFO: [ app_init ] --START--
INFO: Run Behavior\BuildLiteBehavior [ RunTime:0.000000s ]
INFO: [ app_init ] --END-- [ RunTime:0.124800s ]
INFO: [ app_begin ] --START--
INFO: Run Behavior\ReadHtmlCacheBehavior [ RunTime:0.171600s ]
INFO: [ app_begin ] --END-- [ RunTime:0.171600s ]

[ 2016-02-21T12:44:43+08:00 ] 127.0.0.1 /ERP/index.php/Home/Login/index.html
INFO: [ app_init ] --START--
INFO: Run Behavior\BuildLiteBehavior [ RunTime:0.000000s ]
INFO: [ app_init ] --END-- [ RunTime:0.000000s ]
INFO: [ app_begin ] --START--
INFO: Run Behavior\ReadHtmlCacheBehavior [ RunTime:0.000000s ]
INFO: [ app_begin ] --END-- [ RunTime:0.000000s ]
NOTIC: [2] Missing argument 1 for Think\Controller::show(), called in E:\wamp\www\ERP\Index\Home\Controller\LoginController.class.php on line 15 and defined E:\wamp\www\ERP\ThinkPHP\Library\Think\Controller.class.php 第 68 行.
NOTIC: [8] Undefined variable: content E:\wamp\www\ERP\ThinkPHP\Library\Think\Controller.class.php 第 69 行.
INFO: [ view_parse ] --START--
INFO: [ template_filter ] --START--
INFO: Run Behavior\ContentReplaceBehavior [ RunTime:0.015601s ]
INFO: [ template_filter ] --END-- [ RunTime:0.015601s ]
INFO: Run Behavior\ParseTemplateBehavior [ RunTime:0.156001s ]
INFO: [ view_parse ] --END-- [ RunTime:0.156001s ]
INFO: [ view_filter ] --START--
INFO: Run Behavior\WriteHtmlCacheBehavior [ RunTime:0.015600s ]
INFO: [ view_filter ] --END-- [ RunTime:0.015600s ]
INFO: [ app_end ] --START--
INFO: Run Behavior\ShowPageTraceBehavior [ RunTime:0.031200s ]
INFO: [ app_end ] --END-- [ RunTime:0.031200s ]

[ 2016-02-21T12:44:43+08:00 ] 127.0.0.1 /ERP/index.php/Home/Login/verify.html
INFO: [ app_init ] --START--
INFO: Run Behavior\BuildLiteBehavior [ RunTime:0.000000s ]
INFO: [ app_init ] --END-- [ RunTime:0.000000s ]
INFO: [ app_begin ] --START--
INFO: Run Behavior\ReadHtmlCacheBehavior [ RunTime:0.000000s ]
INFO: [ app_begin ] --END-- [ RunTime:0.000000s ]
INFO: [ app_end ] --START--
INFO: Run Behavior\ShowPageTraceBehavior [ RunTime:0.000000s ]
INFO: [ app_end ] --END-- [ RunTime:0.000000s ]

[ 2016-02-21T12:44:48+08:00 ] 127.0.0.1 /ERP/index.php/Home/Login/checkData.html
INFO: [ app_init ] --START--
INFO: Run Behavior\BuildLiteBehavior [ RunTime:0.000000s ]
INFO: [ app_init ] --END-- [ RunTime:0.000000s ]
INFO: [ app_begin ] --START--
INFO: Run Behavior\ReadHtmlCacheBehavior [ RunTime:0.015600s ]
INFO: [ app_begin ] --END-- [ RunTime:0.015600s ]
SQL: SHOW COLUMNS FROM `user` [ RunTime:0.2340s ]
SQL: SELECT * FROM `user` WHERE `account` = 'admin' AND `pwd` = '21232f297a57a5a743894a0e4a801fc3' LIMIT 1   [ RunTime:0.0468s ]

[ 2016-02-21T12:44:48+08:00 ] 127.0.0.1 /ERP/index.php/Home/Login/login.html
INFO: [ app_init ] --START--
INFO: Run Behavior\BuildLiteBehavior [ RunTime:0.000000s ]
INFO: [ app_init ] --END-- [ RunTime:0.000000s ]
INFO: [ app_begin ] --START--
INFO: Run Behavior\ReadHtmlCacheBehavior [ RunTime:0.000000s ]
INFO: [ app_begin ] --END-- [ RunTime:0.015600s ]

[ 2016-02-21T12:44:48+08:00 ] 127.0.0.1 /ERP/index.php/Home/Login/verify.html?id0.8424559971025554
INFO: [ app_init ] --START--
INFO: Run Behavior\BuildLiteBehavior [ RunTime:0.000000s ]
INFO: [ app_init ] --END-- [ RunTime:0.000000s ]
INFO: [ app_begin ] --START--
INFO: Run Behavior\ReadHtmlCacheBehavior [ RunTime:0.000000s ]
INFO: [ app_begin ] --END-- [ RunTime:0.000000s ]
INFO: [ app_end ] --START--
INFO: Run Behavior\ShowPageTraceBehavior [ RunTime:0.000000s ]
INFO: [ app_end ] --END-- [ RunTime:0.000000s ]

[ 2016-02-21T12:44:50+08:00 ] 127.0.0.1 /ERP/index.php/Home/Index/index.html
INFO: [ app_init ] --START--
INFO: Run Behavior\BuildLiteBehavior [ RunTime:0.000000s ]
INFO: [ app_init ] --END-- [ RunTime:0.000000s ]
INFO: [ app_begin ] --START--
INFO: Run Behavior\ReadHtmlCacheBehavior [ RunTime:0.000000s ]
INFO: [ app_begin ] --END-- [ RunTime:0.000000s ]
SQL: SHOW COLUMNS FROM `stock` [ RunTime:0.0312s ]
SQL: SELECT * FROM `stock`  [ RunTime:0.0000s ]
NOTIC: [2] Missing argument 1 for Think\Controller::show(), called in E:\wamp\www\ERP\Index\Home\Controller\IndexController.class.php on line 7 and defined E:\wamp\www\ERP\ThinkPHP\Library\Think\Controller.class.php 第 68 行.
NOTIC: [8] Undefined variable: content E:\wamp\www\ERP\ThinkPHP\Library\Think\Controller.class.php 第 69 行.
INFO: [ view_parse ] --START--
INFO: [ template_filter ] --START--
INFO: Run Behavior\ContentReplaceBehavior [ RunTime:0.000000s ]
INFO: [ template_filter ] --END-- [ RunTime:0.000000s ]
INFO: Run Behavior\ParseTemplateBehavior [ RunTime:0.046800s ]
INFO: [ view_parse ] --END-- [ RunTime:0.046800s ]
INFO: [ view_filter ] --START--
INFO: Run Behavior\WriteHtmlCacheBehavior [ RunTime:0.000000s ]
INFO: [ view_filter ] --END-- [ RunTime:0.000000s ]
INFO: [ app_end ] --START--
INFO: Run Behavior\ShowPageTraceBehavior [ RunTime:0.000000s ]
INFO: [ app_end ] --END-- [ RunTime:0.000000s ]

[ 2016-02-21T12:44:50+08:00 ] 127.0.0.1 /ERP/Home/Index/systeminfo?_=1456029890312
INFO: [ app_init ] --START--
INFO: Run Behavior\BuildLiteBehavior [ RunTime:0.000000s ]
INFO: [ app_init ] --END-- [ RunTime:0.000000s ]
INFO: [ app_begin ] --START--
INFO: Run Behavior\ReadHtmlCacheBehavior [ RunTime:0.000000s ]
INFO: [ app_begin ] --END-- [ RunTime:0.000000s ]
NOTIC: [2] Missing argument 1 for Think\Controller::show(), called in E:\wamp\www\ERP\Index\Home\Controller\IndexController.class.php on line 10 and defined E:\wamp\www\ERP\ThinkPHP\Library\Think\Controller.class.php 第 68 行.
NOTIC: [8] Undefined variable: content E:\wamp\www\ERP\ThinkPHP\Library\Think\Controller.class.php 第 69 行.
INFO: [ view_parse ] --START--
INFO: [ template_filter ] --START--
INFO: Run Behavior\ContentReplaceBehavior [ RunTime:0.000000s ]
INFO: [ template_filter ] --END-- [ RunTime:0.015600s ]
INFO: Run Behavior\ParseTemplateBehavior [ RunTime:0.078000s ]
INFO: [ view_parse ] --END-- [ RunTime:0.078000s ]
INFO: [ view_filter ] --START--
INFO: Run Behavior\WriteHtmlCacheBehavior [ RunTime:0.000000s ]
INFO: [ view_filter ] --END-- [ RunTime:0.000000s ]
INFO: [ app_end ] --START--
INFO: Run Behavior\ShowPageTraceBehavior [ RunTime:0.000000s ]
INFO: [ app_end ] --END-- [ RunTime:0.000000s ]

[ 2016-02-21T12:44:54+08:00 ] 127.0.0.1 /ERP/Home/Stock/index
INFO: [ app_init ] --START--
INFO: Run Behavior\BuildLiteBehavior [ RunTime:0.000000s ]
INFO: [ app_init ] --END-- [ RunTime:0.000000s ]
INFO: [ app_begin ] --START--
INFO: Run Behavior\ReadHtmlCacheBehavior [ RunTime:0.000000s ]
INFO: [ app_begin ] --END-- [ RunTime:0.000000s ]
NOTIC: [2] Missing argument 1 for Think\Controller::show(), called in E:\wamp\www\ERP\Index\Home\Controller\StockController.class.php on line 14 and defined E:\wamp\www\ERP\ThinkPHP\Library\Think\Controller.class.php 第 68 行.
NOTIC: [8] Undefined variable: content E:\wamp\www\ERP\ThinkPHP\Library\Think\Controller.class.php 第 69 行.
INFO: [ view_parse ] --START--
INFO: [ template_filter ] --START--
INFO: Run Behavior\ContentReplaceBehavior [ RunTime:0.000000s ]
INFO: [ template_filter ] --END-- [ RunTime:0.000000s ]
INFO: Run Behavior\ParseTemplateBehavior [ RunTime:0.046800s ]
INFO: [ view_parse ] --END-- [ RunTime:0.046800s ]
INFO: [ view_filter ] --START--
INFO: Run Behavior\WriteHtmlCacheBehavior [ RunTime:0.000000s ]
INFO: [ view_filter ] --END-- [ RunTime:0.000000s ]
INFO: [ app_end ] --START--
INFO: Run Behavior\ShowPageTraceBehavior [ RunTime:0.000000s ]
INFO: [ app_end ] --END-- [ RunTime:0.000000s ]

[ 2016-02-21T12:44:54+08:00 ] 127.0.0.1 /ERP/index.php/Home/Stock/getData/table/Stock.html
INFO: [ app_init ] --START--
INFO: Run Behavior\BuildLiteBehavior [ RunTime:0.000000s ]
INFO: [ app_init ] --END-- [ RunTime:0.015600s ]
INFO: [ app_begin ] --START--
INFO: Run Behavior\ReadHtmlCacheBehavior [ RunTime:0.000000s ]
INFO: [ app_begin ] --END-- [ RunTime:0.000000s ]
SQL: SHOW COLUMNS FROM `stock` [ RunTime:0.0000s ]
SQL: SELECT * FROM `stock` LIMIT 0,10   [ RunTime:0.0000s ]
SQL: SELECT COUNT(*) AS tp_count FROM `stock` LIMIT 1   [ RunTime:0.0936s ]

[ 2016-02-21T12:45:00+08:00 ] 127.0.0.1 /ERP/index.php/Home/Stock/clothes.html?id=16
INFO: [ app_init ] --START--
INFO: Run Behavior\BuildLiteBehavior [ RunTime:0.000000s ]
INFO: [ app_init ] --END-- [ RunTime:0.000000s ]
INFO: [ app_begin ] --START--
INFO: Run Behavior\ReadHtmlCacheBehavior [ RunTime:0.000000s ]
INFO: [ app_begin ] --END-- [ RunTime:0.000000s ]
SQL: SHOW COLUMNS FROM `stock` [ RunTime:0.0000s ]
SQL: SELECT * FROM `stock` WHERE `id` = 16 LIMIT 1   [ RunTime:0.0000s ]
NOTIC: [2] Missing argument 1 for Think\Controller::show(), called in E:\wamp\www\ERP\Index\Home\Controller\StockController.class.php on line 21 and defined E:\wamp\www\ERP\ThinkPHP\Library\Think\Controller.class.php 第 68 行.
NOTIC: [8] Undefined variable: content E:\wamp\www\ERP\ThinkPHP\Library\Think\Controller.class.php 第 69 行.
INFO: [ view_parse ] --START--
INFO: [ template_filter ] --START--
INFO: Run Behavior\ContentReplaceBehavior [ RunTime:0.000000s ]
INFO: [ template_filter ] --END-- [ RunTime:0.000000s ]
NOTIC: [8] Undefined variable: ata E:\wamp\www\ERP\Index\Runtime\Cache\Home\535ea3a2a7732818bc05666fbfa0c3d0.php 第 3 行.
INFO: Run Behavior\ParseTemplateBehavior [ RunTime:0.062400s ]
INFO: [ view_parse ] --END-- [ RunTime:0.062400s ]
INFO: [ view_filter ] --START--
INFO: Run Behavior\WriteHtmlCacheBehavior [ RunTime:0.000000s ]
INFO: [ view_filter ] --END-- [ RunTime:0.015600s ]
INFO: [ app_end ] --START--
INFO: Run Behavior\ShowPageTraceBehavior [ RunTime:0.000000s ]
INFO: [ app_end ] --END-- [ RunTime:0.000000s ]

[ 2016-02-21T12:45:00+08:00 ] 127.0.0.1 /ERP/index.php/Home/Stock/getData/table/clothes/stockId/16.html
INFO: [ app_init ] --START--
INFO: Run Behavior\BuildLiteBehavior [ RunTime:0.000000s ]
INFO: [ app_init ] --END-- [ RunTime:0.000000s ]
INFO: [ app_begin ] --START--
INFO: Run Behavior\ReadHtmlCacheBehavior [ RunTime:0.000000s ]
INFO: [ app_begin ] --END-- [ RunTime:0.000000s ]
SQL: SHOW COLUMNS FROM `clothes` [ RunTime:0.0468s ]
SQL: SELECT COUNT(*) AS tp_count FROM `clothes`  JOIN stock_clothes b on b.stock_id = 16 and b.clothes_id = clothes.id  LIMIT 1   [ RunTime:0.0312s ]
SQL: SELECT clothes.id,clothes.type,clothes.total,clothes.remark FROM `clothes`  JOIN stock_clothes b on b.stock_id = 16 and b.clothes_id = clothes.id  LIMIT 0,10   [ RunTime:0.0000s ]

[ 2016-02-21T12:45:01+08:00 ] 127.0.0.1 /ERP/index.php/Home/Stock/detail.html?id=22
INFO: [ app_init ] --START--
INFO: Run Behavior\BuildLiteBehavior [ RunTime:0.000000s ]
INFO: [ app_init ] --END-- [ RunTime:0.000000s ]
INFO: [ app_begin ] --START--
INFO: Run Behavior\ReadHtmlCacheBehavior [ RunTime:0.000000s ]
INFO: [ app_begin ] --END-- [ RunTime:0.000000s ]
SQL: SHOW COLUMNS FROM `clothes` [ RunTime:0.0156s ]
SQL: SELECT * FROM `clothes` WHERE `id` = 22 LIMIT 1   [ RunTime:0.0000s ]
NOTIC: [2] Missing argument 1 for Think\Controller::show(), called in E:\wamp\www\ERP\Index\Home\Controller\StockController.class.php on line 28 and defined E:\wamp\www\ERP\ThinkPHP\Library\Think\Controller.class.php 第 68 行.
NOTIC: [8] Undefined variable: content E:\wamp\www\ERP\ThinkPHP\Library\Think\Controller.class.php 第 69 行.
INFO: [ view_parse ] --START--
INFO: [ template_filter ] --START--
INFO: Run Behavior\ContentReplaceBehavior [ RunTime:0.000000s ]
INFO: [ template_filter ] --END-- [ RunTime:0.000000s ]
NOTIC: [8] Undefined variable: ata E:\wamp\www\ERP\Index\Runtime\Cache\Home\f1e41f3fb2fb42d07a278dafe635947d.php 第 3 行.
INFO: Run Behavior\ParseTemplateBehavior [ RunTime:0.031200s ]
INFO: [ view_parse ] --END-- [ RunTime:0.031200s ]
INFO: [ view_filter ] --START--
INFO: Run Behavior\WriteHtmlCacheBehavior [ RunTime:0.000000s ]
INFO: [ view_filter ] --END-- [ RunTime:0.000000s ]
INFO: [ app_end ] --START--
INFO: Run Behavior\ShowPageTraceBehavior [ RunTime:0.000000s ]
INFO: [ app_end ] --END-- [ RunTime:0.000000s ]

[ 2016-02-21T12:45:02+08:00 ] 127.0.0.1 /ERP/index.php/Home/Stock/getData/table/clothesdetail/clothesId/22.html
INFO: [ app_init ] --START--
INFO: Run Behavior\BuildLiteBehavior [ RunTime:0.000000s ]
INFO: [ app_init ] --END-- [ RunTime:0.000000s ]
INFO: [ app_begin ] --START--
INFO: Run Behavior\ReadHtmlCacheBehavior [ RunTime:0.000000s ]
INFO: [ app_begin ] --END-- [ RunTime:0.000000s ]
SQL: SHOW COLUMNS FROM `clothesdetail` [ RunTime:0.0468s ]
SQL: SELECT COUNT(*) AS tp_count FROM `clothesdetail`  JOIN clothes_detail b on b.clothes_id = 22 and b.detail_id = clothesdetail.id  LIMIT 1   [ RunTime:0.0156s ]
SQL: SELECT clothesdetail.id,clothesdetail.name,clothesdetail.total,clothesdetail.code,clothesdetail.size,clothesdetail.price,clothesdetail.remark FROM `clothesdetail`  JOIN clothes_detail b on b.clothes_id = 22 and b.detail_id = clothesdetail.id  LIMIT 0,10   [ RunTime:0.0156s ]

[ 2016-02-21T12:45:05+08:00 ] 127.0.0.1 /ERP/index.php/Home/Stock/del.html
INFO: [ app_init ] --START--
INFO: Run Behavior\BuildLiteBehavior [ RunTime:0.000000s ]
INFO: [ app_init ] --END-- [ RunTime:0.000000s ]
INFO: [ app_begin ] --START--
INFO: Run Behavior\ReadHtmlCacheBehavior [ RunTime:0.000000s ]
INFO: [ app_begin ] --END-- [ RunTime:0.000000s ]
SQL: SHOW COLUMNS FROM `clothesdetail` [ RunTime:0.0000s ]
SQL: SELECT * FROM `clothesdetail` WHERE `id` = 13 LIMIT 1   [ RunTime:0.0000s ]
SQL: SHOW COLUMNS FROM `clothes_detail` [ RunTime:0.0000s ]
SQL: SELECT * FROM `clothes_detail` WHERE `detail_id` = 13 LIMIT 1   [ RunTime:0.0000s ]
SQL: SHOW COLUMNS FROM `clothes` [ RunTime:0.0000s ]
SQL: UPDATE `clothes` SET `total`=total-5 WHERE `id` = 22 [ RunTime:0.0624s ]
SQL: SHOW COLUMNS FROM `stock_clothes` [ RunTime:0.0000s ]
SQL: SELECT * FROM `stock_clothes` WHERE `clothes_id` = 22 LIMIT 1   [ RunTime:0.0000s ]
SQL: SHOW COLUMNS FROM `stock` [ RunTime:0.0156s ]
SQL: UPDATE `stock` SET `num`=num-5 WHERE `id` = 16 [ RunTime:0.0624s ]
SQL: DELETE FROM `clothes_detail` WHERE `detail_id` = 13 [ RunTime:0.0156s ]
SQL: DELETE FROM `clothesdetail` WHERE `id` = 13 [ RunTime:0.0000s ]

[ 2016-02-21T12:45:05+08:00 ] 127.0.0.1 /ERP/index.php/Home/Stock/getData/table/clothesdetail/clothesId/22.html
INFO: [ app_init ] --START--
INFO: Run Behavior\BuildLiteBehavior [ RunTime:0.000000s ]
INFO: [ app_init ] --END-- [ RunTime:0.000000s ]
INFO: [ app_begin ] --START--
INFO: Run Behavior\ReadHtmlCacheBehavior [ RunTime:0.000000s ]
INFO: [ app_begin ] --END-- [ RunTime:0.000000s ]
SQL: SHOW COLUMNS FROM `clothesdetail` [ RunTime:0.0000s ]
SQL: SELECT COUNT(*) AS tp_count FROM `clothesdetail`  JOIN clothes_detail b on b.clothes_id = 22 and b.detail_id = clothesdetail.id  LIMIT 1   [ RunTime:0.0000s ]
SQL: SELECT clothesdetail.id,clothesdetail.name,clothesdetail.total,clothesdetail.code,clothesdetail.size,clothesdetail.price,clothesdetail.remark FROM `clothesdetail`  JOIN clothes_detail b on b.clothes_id = 22 and b.detail_id = clothesdetail.id  LIMIT 0,10   [ RunTime:0.0000s ]

[ 2016-02-21T12:45:11+08:00 ] 127.0.0.1 /ERP/index.php/Home/Stock/add.html
INFO: [ app_init ] --START--
INFO: Run Behavior\BuildLiteBehavior [ RunTime:0.000000s ]
INFO: [ app_init ] --END-- [ RunTime:0.000000s ]
INFO: [ app_begin ] --START--
INFO: Run Behavior\ReadHtmlCacheBehavior [ RunTime:0.000000s ]
INFO: [ app_begin ] --END-- [ RunTime:0.000000s ]
SQL: SHOW COLUMNS FROM `clothesdetail` [ RunTime:0.0000s ]
SQL: INSERT INTO `clothesdetail` (`name`,`code`,`size`,`price`,`total`,`remark`) VALUES ('1','1','1','1','11','') [ RunTime:0.0156s ]
SQL: SHOW COLUMNS FROM `clothes_detail` [ RunTime:0.0000s ]
SQL: INSERT INTO `clothes_detail` (`detail_id`,`clothes_id`) VALUES ('16','22') [ RunTime:0.0000s ]
SQL: SELECT * FROM `clothes_detail` WHERE `detail_id` = 16 LIMIT 1   [ RunTime:0.0000s ]
SQL: SHOW COLUMNS FROM `clothes` [ RunTime:0.0000s ]
SQL: UPDATE `clothes` SET `total`=total+11 WHERE `id` = 22 [ RunTime:0.0000s ]
SQL: SHOW COLUMNS FROM `stock_clothes` [ RunTime:0.0000s ]
SQL: SELECT * FROM `stock_clothes` WHERE `clothes_id` = 22 LIMIT 1   [ RunTime:0.0000s ]
SQL: SHOW COLUMNS FROM `stock` [ RunTime:0.0000s ]
SQL: UPDATE `stock` SET `num`=num+11 WHERE `id` = 16 [ RunTime:0.0468s ]

[ 2016-02-21T12:45:11+08:00 ] 127.0.0.1 /ERP/index.php/Home/Stock/getData/table/clothesdetail/clothesId/22.html
INFO: [ app_init ] --START--
INFO: Run Behavior\BuildLiteBehavior [ RunTime:0.000000s ]
INFO: [ app_init ] --END-- [ RunTime:0.000000s ]
INFO: [ app_begin ] --START--
INFO: Run Behavior\ReadHtmlCacheBehavior [ RunTime:0.000000s ]
INFO: [ app_begin ] --END-- [ RunTime:0.000000s ]
SQL: SHOW COLUMNS FROM `clothesdetail` [ RunTime:0.0156s ]
SQL: SELECT COUNT(*) AS tp_count FROM `clothesdetail`  JOIN clothes_detail b on b.clothes_id = 22 and b.detail_id = clothesdetail.id  LIMIT 1   [ RunTime:0.0000s ]
SQL: SELECT clothesdetail.id,clothesdetail.name,clothesdetail.total,clothesdetail.code,clothesdetail.size,clothesdetail.price,clothesdetail.remark FROM `clothesdetail`  JOIN clothes_detail b on b.clothes_id = 22 and b.detail_id = clothesdetail.id  LIMIT 0,10   [ RunTime:0.0000s ]

[ 2016-02-21T12:45:14+08:00 ] 127.0.0.1 /ERP/index.php/Home/Index/index.html
INFO: [ app_init ] --START--
INFO: Run Behavior\BuildLiteBehavior [ RunTime:0.000000s ]
INFO: [ app_init ] --END-- [ RunTime:0.000000s ]
INFO: [ app_begin ] --START--
INFO: Run Behavior\ReadHtmlCacheBehavior [ RunTime:0.000000s ]
INFO: [ app_begin ] --END-- [ RunTime:0.000000s ]
SQL: SHOW COLUMNS FROM `stock` [ RunTime:0.0000s ]
SQL: SELECT * FROM `stock`  [ RunTime:0.0000s ]
NOTIC: [2] Missing argument 1 for Think\Controller::show(), called in E:\wamp\www\ERP\Index\Home\Controller\IndexController.class.php on line 7 and defined E:\wamp\www\ERP\ThinkPHP\Library\Think\Controller.class.php 第 68 行.
NOTIC: [8] Undefined variable: content E:\wamp\www\ERP\ThinkPHP\Library\Think\Controller.class.php 第 69 行.
INFO: [ view_parse ] --START--
INFO: [ template_filter ] --START--
INFO: Run Behavior\ContentReplaceBehavior [ RunTime:0.000000s ]
INFO: [ template_filter ] --END-- [ RunTime:0.000000s ]
INFO: Run Behavior\ParseTemplateBehavior [ RunTime:0.015600s ]
INFO: [ view_parse ] --END-- [ RunTime:0.031200s ]
INFO: [ view_filter ] --START--
INFO: Run Behavior\WriteHtmlCacheBehavior [ RunTime:0.000000s ]
INFO: [ view_filter ] --END-- [ RunTime:0.000000s ]
INFO: [ app_end ] --START--
INFO: Run Behavior\ShowPageTraceBehavior [ RunTime:0.000000s ]
INFO: [ app_end ] --END-- [ RunTime:0.000000s ]

[ 2016-02-21T12:45:14+08:00 ] 127.0.0.1 /ERP/Home/Index/systeminfo?_=1456029914264
INFO: [ app_init ] --START--
INFO: Run Behavior\BuildLiteBehavior [ RunTime:0.000000s ]
INFO: [ app_init ] --END-- [ RunTime:0.000000s ]
INFO: [ app_begin ] --START--
INFO: Run Behavior\ReadHtmlCacheBehavior [ RunTime:0.000000s ]
INFO: [ app_begin ] --END-- [ RunTime:0.000000s ]
NOTIC: [2] Missing argument 1 for Think\Controller::show(), called in E:\wamp\www\ERP\Index\Home\Controller\IndexController.class.php on line 10 and defined E:\wamp\www\ERP\ThinkPHP\Library\Think\Controller.class.php 第 68 行.
NOTIC: [8] Undefined variable: content E:\wamp\www\ERP\ThinkPHP\Library\Think\Controller.class.php 第 69 行.
INFO: [ view_parse ] --START--
INFO: [ template_filter ] --START--
INFO: Run Behavior\ContentReplaceBehavior [ RunTime:0.000000s ]
INFO: [ template_filter ] --END-- [ RunTime:0.000000s ]
INFO: Run Behavior\ParseTemplateBehavior [ RunTime:0.015600s ]
INFO: [ view_parse ] --END-- [ RunTime:0.015600s ]
INFO: [ view_filter ] --START--
INFO: Run Behavior\WriteHtmlCacheBehavior [ RunTime:0.000000s ]
INFO: [ view_filter ] --END-- [ RunTime:0.000000s ]
INFO: [ app_end ] --START--
INFO: Run Behavior\ShowPageTraceBehavior [ RunTime:0.000000s ]
INFO: [ app_end ] --END-- [ RunTime:0.000000s ]

[ 2016-02-21T12:45:17+08:00 ] 127.0.0.1 /ERP/Home/Stock/index
INFO: [ app_init ] --START--
INFO: Run Behavior\BuildLiteBehavior [ RunTime:0.000000s ]
INFO: [ app_init ] --END-- [ RunTime:0.000000s ]
INFO: [ app_begin ] --START--
INFO: Run Behavior\ReadHtmlCacheBehavior [ RunTime:0.000000s ]
INFO: [ app_begin ] --END-- [ RunTime:0.015600s ]
NOTIC: [2] Missing argument 1 for Think\Controller::show(), called in E:\wamp\www\ERP\Index\Home\Controller\StockController.class.php on line 14 and defined E:\wamp\www\ERP\ThinkPHP\Library\Think\Controller.class.php 第 68 行.
NOTIC: [8] Undefined variable: content E:\wamp\www\ERP\ThinkPHP\Library\Think\Controller.class.php 第 69 行.
INFO: [ view_parse ] --START--
INFO: [ template_filter ] --START--
INFO: Run Behavior\ContentReplaceBehavior [ RunTime:0.000000s ]
INFO: [ template_filter ] --END-- [ RunTime:0.000000s ]
INFO: Run Behavior\ParseTemplateBehavior [ RunTime:0.015600s ]
INFO: [ view_parse ] --END-- [ RunTime:0.015600s ]
INFO: [ view_filter ] --START--
INFO: Run Behavior\WriteHtmlCacheBehavior [ RunTime:0.000000s ]
INFO: [ view_filter ] --END-- [ RunTime:0.000000s ]
INFO: [ app_end ] --START--
INFO: Run Behavior\ShowPageTraceBehavior [ RunTime:0.000000s ]
INFO: [ app_end ] --END-- [ RunTime:0.000000s ]

[ 2016-02-21T12:45:17+08:00 ] 127.0.0.1 /ERP/index.php/Home/Stock/getData/table/Stock.html
INFO: [ app_init ] --START--
INFO: Run Behavior\BuildLiteBehavior [ RunTime:0.000000s ]
INFO: [ app_init ] --END-- [ RunTime:0.000000s ]
INFO: [ app_begin ] --START--
INFO: Run Behavior\ReadHtmlCacheBehavior [ RunTime:0.000000s ]
INFO: [ app_begin ] --END-- [ RunTime:0.000000s ]
SQL: SHOW COLUMNS FROM `stock` [ RunTime:0.0000s ]
SQL: SELECT * FROM `stock` LIMIT 0,10   [ RunTime:0.0000s ]
SQL: SELECT COUNT(*) AS tp_count FROM `stock` LIMIT 1   [ RunTime:0.0000s ]

[ 2016-02-21T12:45:18+08:00 ] 127.0.0.1 /ERP/Home/Stock/clothes?id=16
INFO: [ app_init ] --START--
INFO: Run Behavior\BuildLiteBehavior [ RunTime:0.000000s ]
INFO: [ app_init ] --END-- [ RunTime:0.000000s ]
INFO: [ app_begin ] --START--
INFO: Run Behavior\ReadHtmlCacheBehavior [ RunTime:0.000000s ]
INFO: [ app_begin ] --END-- [ RunTime:0.000000s ]
SQL: SHOW COLUMNS FROM `stock` [ RunTime:0.0000s ]
SQL: SELECT * FROM `stock` WHERE `id` = 16 LIMIT 1   [ RunTime:0.0000s ]
NOTIC: [2] Missing argument 1 for Think\Controller::show(), called in E:\wamp\www\ERP\Index\Home\Controller\StockController.class.php on line 21 and defined E:\wamp\www\ERP\ThinkPHP\Library\Think\Controller.class.php 第 68 行.
NOTIC: [8] Undefined variable: content E:\wamp\www\ERP\ThinkPHP\Library\Think\Controller.class.php 第 69 行.
INFO: [ view_parse ] --START--
INFO: [ template_filter ] --START--
INFO: Run Behavior\ContentReplaceBehavior [ RunTime:0.000000s ]
INFO: [ template_filter ] --END-- [ RunTime:0.000000s ]
NOTIC: [8] Undefined variable: ata E:\wamp\www\ERP\Index\Runtime\Cache\Home\535ea3a2a7732818bc05666fbfa0c3d0.php 第 3 行.
INFO: Run Behavior\ParseTemplateBehavior [ RunTime:0.000000s ]
INFO: [ view_parse ] --END-- [ RunTime:0.000000s ]
INFO: [ view_filter ] --START--
INFO: Run Behavior\WriteHtmlCacheBehavior [ RunTime:0.000000s ]
INFO: [ view_filter ] --END-- [ RunTime:0.015600s ]
INFO: [ app_end ] --START--
INFO: Run Behavior\ShowPageTraceBehavior [ RunTime:0.000000s ]
INFO: [ app_end ] --END-- [ RunTime:0.000000s ]

[ 2016-02-21T12:45:19+08:00 ] 127.0.0.1 /ERP/index.php/Home/Stock/getData/table/clothes/stockId/16.html
INFO: [ app_init ] --START--
INFO: Run Behavior\BuildLiteBehavior [ RunTime:0.000000s ]
INFO: [ app_init ] --END-- [ RunTime:0.000000s ]
INFO: [ app_begin ] --START--
INFO: Run Behavior\ReadHtmlCacheBehavior [ RunTime:0.000000s ]
INFO: [ app_begin ] --END-- [ RunTime:0.000000s ]
SQL: SHOW COLUMNS FROM `clothes` [ RunTime:0.0000s ]
SQL: SELECT COUNT(*) AS tp_count FROM `clothes`  JOIN stock_clothes b on b.stock_id = 16 and b.clothes_id = clothes.id  LIMIT 1   [ RunTime:0.0000s ]
SQL: SELECT clothes.id,clothes.type,clothes.total,clothes.remark FROM `clothes`  JOIN stock_clothes b on b.stock_id = 16 and b.clothes_id = clothes.id  LIMIT 0,10   [ RunTime:0.0000s ]

[ 2016-02-21T12:45:20+08:00 ] 127.0.0.1 /ERP/index.php/Home/Stock/detail.html?id=22
INFO: [ app_init ] --START--
INFO: Run Behavior\BuildLiteBehavior [ RunTime:0.000000s ]
INFO: [ app_init ] --END-- [ RunTime:0.000000s ]
INFO: [ app_begin ] --START--
INFO: Run Behavior\ReadHtmlCacheBehavior [ RunTime:0.000000s ]
INFO: [ app_begin ] --END-- [ RunTime:0.000000s ]
SQL: SHOW COLUMNS FROM `clothes` [ RunTime:0.0000s ]
SQL: SELECT * FROM `clothes` WHERE `id` = 22 LIMIT 1   [ RunTime:0.0000s ]
NOTIC: [2] Missing argument 1 for Think\Controller::show(), called in E:\wamp\www\ERP\Index\Home\Controller\StockController.class.php on line 28 and defined E:\wamp\www\ERP\ThinkPHP\Library\Think\Controller.class.php 第 68 行.
NOTIC: [8] Undefined variable: content E:\wamp\www\ERP\ThinkPHP\Library\Think\Controller.class.php 第 69 行.
INFO: [ view_parse ] --START--
INFO: [ template_filter ] --START--
INFO: Run Behavior\ContentReplaceBehavior [ RunTime:0.000000s ]
INFO: [ template_filter ] --END-- [ RunTime:0.000000s ]
NOTIC: [8] Undefined variable: ata E:\wamp\www\ERP\Index\Runtime\Cache\Home\f1e41f3fb2fb42d07a278dafe635947d.php 第 3 行.
INFO: Run Behavior\ParseTemplateBehavior [ RunTime:0.015600s ]
INFO: [ view_parse ] --END-- [ RunTime:0.015600s ]
INFO: [ view_filter ] --START--
INFO: Run Behavior\WriteHtmlCacheBehavior [ RunTime:0.000000s ]
INFO: [ view_filter ] --END-- [ RunTime:0.000000s ]
INFO: [ app_end ] --START--
INFO: Run Behavior\ShowPageTraceBehavior [ RunTime:0.000000s ]
INFO: [ app_end ] --END-- [ RunTime:0.000000s ]

[ 2016-02-21T12:45:21+08:00 ] 127.0.0.1 /ERP/index.php/Home/Stock/getData/table/clothesdetail/clothesId/22.html
INFO: [ app_init ] --START--
INFO: Run Behavior\BuildLiteBehavior [ RunTime:0.000000s ]
INFO: [ app_init ] --END-- [ RunTime:0.000000s ]
INFO: [ app_begin ] --START--
INFO: Run Behavior\ReadHtmlCacheBehavior [ RunTime:0.000000s ]
INFO: [ app_begin ] --END-- [ RunTime:0.000000s ]
SQL: SHOW COLUMNS FROM `clothesdetail` [ RunTime:0.0000s ]
SQL: SELECT COUNT(*) AS tp_count FROM `clothesdetail`  JOIN clothes_detail b on b.clothes_id = 22 and b.detail_id = clothesdetail.id  LIMIT 1   [ RunTime:0.0000s ]
SQL: SELECT clothesdetail.id,clothesdetail.name,clothesdetail.total,clothesdetail.code,clothesdetail.size,clothesdetail.price,clothesdetail.remark FROM `clothesdetail`  JOIN clothes_detail b on b.clothes_id = 22 and b.detail_id = clothesdetail.id  LIMIT 0,10   [ RunTime:0.0000s ]

[ 2016-02-21T12:45:40+08:00 ] 127.0.0.1 /ERP/index.php/Home/Stock/del.html
INFO: [ app_init ] --START--
INFO: Run Behavior\BuildLiteBehavior [ RunTime:0.000000s ]
INFO: [ app_init ] --END-- [ RunTime:0.000000s ]
INFO: [ app_begin ] --START--
INFO: Run Behavior\ReadHtmlCacheBehavior [ RunTime:0.000000s ]
INFO: [ app_begin ] --END-- [ RunTime:0.000000s ]
SQL: SHOW COLUMNS FROM `clothesdetail` [ RunTime:0.0000s ]
SQL: SELECT * FROM `clothesdetail` WHERE `id` = 16 LIMIT 1   [ RunTime:0.0000s ]
SQL: SHOW COLUMNS FROM `clothes_detail` [ RunTime:0.0156s ]
SQL: SELECT * FROM `clothes_detail` WHERE `detail_id` = 16 LIMIT 1   [ RunTime:0.0000s ]
SQL: SHOW COLUMNS FROM `clothes` [ RunTime:0.0000s ]
SQL: UPDATE `clothes` SET `total`=total-11 WHERE `id` = 22 [ RunTime:0.0000s ]
SQL: SHOW COLUMNS FROM `stock_clothes` [ RunTime:0.0000s ]
SQL: SELECT * FROM `stock_clothes` WHERE `clothes_id` = 22 LIMIT 1   [ RunTime:0.0000s ]
SQL: SHOW COLUMNS FROM `stock` [ RunTime:0.0000s ]
SQL: UPDATE `stock` SET `num`=num-11 WHERE `id` = 16 [ RunTime:0.0468s ]
SQL: DELETE FROM `clothes_detail` WHERE `detail_id` = 16 [ RunTime:0.0000s ]
SQL: DELETE FROM `clothesdetail` WHERE `id` = 16 [ RunTime:0.0000s ]

[ 2016-02-21T12:45:40+08:00 ] 127.0.0.1 /ERP/index.php/Home/Stock/getData/table/clothesdetail/clothesId/22.html
INFO: [ app_init ] --START--
INFO: Run Behavior\BuildLiteBehavior [ RunTime:0.000000s ]
INFO: [ app_init ] --END-- [ RunTime:0.000000s ]
INFO: [ app_begin ] --START--
INFO: Run Behavior\ReadHtmlCacheBehavior [ RunTime:0.000000s ]
INFO: [ app_begin ] --END-- [ RunTime:0.000000s ]
SQL: SHOW COLUMNS FROM `clothesdetail` [ RunTime:0.0000s ]
SQL: SELECT COUNT(*) AS tp_count FROM `clothesdetail`  JOIN clothes_detail b on b.clothes_id = 22 and b.detail_id = clothesdetail.id  LIMIT 1   [ RunTime:0.0000s ]
SQL: SELECT clothesdetail.id,clothesdetail.name,clothesdetail.total,clothesdetail.code,clothesdetail.size,clothesdetail.price,clothesdetail.remark FROM `clothesdetail`  JOIN clothes_detail b on b.clothes_id = 22 and b.detail_id = clothesdetail.id  LIMIT 0,10   [ RunTime:0.0000s ]

[ 2016-02-21T12:45:43+08:00 ] 127.0.0.1 /ERP/index.php/Home/Stock/getData/table/Stock.html
INFO: [ app_init ] --START--
INFO: Run Behavior\BuildLiteBehavior [ RunTime:0.000000s ]
INFO: [ app_init ] --END-- [ RunTime:0.000000s ]
INFO: [ app_begin ] --START--
INFO: Run Behavior\ReadHtmlCacheBehavior [ RunTime:0.000000s ]
INFO: [ app_begin ] --END-- [ RunTime:0.000000s ]
SQL: SHOW COLUMNS FROM `stock` [ RunTime:0.0000s ]
SQL: SELECT * FROM `stock` LIMIT 0,10   [ RunTime:0.0000s ]
SQL: SELECT COUNT(*) AS tp_count FROM `stock` LIMIT 1   [ RunTime:0.0000s ]

[ 2016-02-21T12:45:47+08:00 ] 127.0.0.1 /ERP/index.php/Home/Stock/del.html
INFO: [ app_init ] --START--
INFO: Run Behavior\BuildLiteBehavior [ RunTime:0.000000s ]
INFO: [ app_init ] --END-- [ RunTime:0.000000s ]
INFO: [ app_begin ] --START--
INFO: Run Behavior\ReadHtmlCacheBehavior [ RunTime:0.000000s ]
INFO: [ app_begin ] --END-- [ RunTime:0.000000s ]
SQL: SHOW COLUMNS FROM `clothesdetail` [ RunTime:0.0000s ]
SQL: SELECT * FROM `clothesdetail` WHERE `id` = 15 LIMIT 1   [ RunTime:0.0000s ]
SQL: SHOW COLUMNS FROM `clothes_detail` [ RunTime:0.0000s ]
SQL: SELECT * FROM `clothes_detail` WHERE `detail_id` = 15 LIMIT 1   [ RunTime:0.0000s ]
SQL: SHOW COLUMNS FROM `clothes` [ RunTime:0.0000s ]
ERR: 1690:BIGINT UNSIGNED value is out of range in '(`erp`.`clothes`.`total` - 6)'
 [ SQL语句 ] : UPDATE `clothes` SET `total`=total-6 WHERE `id` = 22
ERR: 1690:BIGINT UNSIGNED value is out of range in '(`erp`.`clothes`.`total` - 6)'
 [ SQL语句 ] : UPDATE `clothes` SET `total`=total-6 WHERE `id` = 22

[ 2016-02-21T12:45:50+08:00 ] 127.0.0.1 /ERP/index.php/Home/Stock/del.html
INFO: [ app_init ] --START--
INFO: Run Behavior\BuildLiteBehavior [ RunTime:0.000000s ]
INFO: [ app_init ] --END-- [ RunTime:0.000000s ]
INFO: [ app_begin ] --START--
INFO: Run Behavior\ReadHtmlCacheBehavior [ RunTime:0.000000s ]
INFO: [ app_begin ] --END-- [ RunTime:0.000000s ]
SQL: SHOW COLUMNS FROM `clothesdetail` [ RunTime:0.0000s ]
SQL: SELECT * FROM `clothesdetail` WHERE `id` = 15 LIMIT 1   [ RunTime:0.0000s ]
SQL: SHOW COLUMNS FROM `clothes_detail` [ RunTime:0.0000s ]
SQL: SELECT * FROM `clothes_detail` WHERE `detail_id` = 15 LIMIT 1   [ RunTime:0.0000s ]
SQL: SHOW COLUMNS FROM `clothes` [ RunTime:0.0000s ]
ERR: 1690:BIGINT UNSIGNED value is out of range in '(`erp`.`clothes`.`total` - 6)'
 [ SQL语句 ] : UPDATE `clothes` SET `total`=total-6 WHERE `id` = 22
ERR: 1690:BIGINT UNSIGNED value is out of range in '(`erp`.`clothes`.`total` - 6)'
 [ SQL语句 ] : UPDATE `clothes` SET `total`=total-6 WHERE `id` = 22

[ 2016-02-21T12:45:51+08:00 ] 127.0.0.1 /ERP/index.php/Home/Stock/getData/table/clothesdetail/clothesId/22.html
INFO: [ app_init ] --START--
INFO: Run Behavior\BuildLiteBehavior [ RunTime:0.000000s ]
INFO: [ app_init ] --END-- [ RunTime:0.000000s ]
INFO: [ app_begin ] --START--
INFO: Run Behavior\ReadHtmlCacheBehavior [ RunTime:0.000000s ]
INFO: [ app_begin ] --END-- [ RunTime:0.000000s ]
SQL: SHOW COLUMNS FROM `clothesdetail` [ RunTime:0.0000s ]
SQL: SELECT COUNT(*) AS tp_count FROM `clothesdetail`  JOIN clothes_detail b on b.clothes_id = 22 and b.detail_id = clothesdetail.id  LIMIT 1   [ RunTime:0.0000s ]
SQL: SELECT clothesdetail.id,clothesdetail.name,clothesdetail.total,clothesdetail.code,clothesdetail.size,clothesdetail.price,clothesdetail.remark FROM `clothesdetail`  JOIN clothes_detail b on b.clothes_id = 22 and b.detail_id = clothesdetail.id  LIMIT 0,10   [ RunTime:0.0000s ]

[ 2016-02-21T12:45:58+08:00 ] 127.0.0.1 /ERP/index.php/Home/Stock/del.html
INFO: [ app_init ] --START--
INFO: Run Behavior\BuildLiteBehavior [ RunTime:0.000000s ]
INFO: [ app_init ] --END-- [ RunTime:0.000000s ]
INFO: [ app_begin ] --START--
INFO: Run Behavior\ReadHtmlCacheBehavior [ RunTime:0.000000s ]
INFO: [ app_begin ] --END-- [ RunTime:0.000000s ]
SQL: SHOW COLUMNS FROM `clothesdetail` [ RunTime:0.0000s ]
SQL: SELECT * FROM `clothesdetail` WHERE `id` = 15 LIMIT 1   [ RunTime:0.0000s ]
SQL: SHOW COLUMNS FROM `clothes_detail` [ RunTime:0.0000s ]
SQL: SELECT * FROM `clothes_detail` WHERE `detail_id` = 15 LIMIT 1   [ RunTime:0.0000s ]
SQL: SHOW COLUMNS FROM `clothes` [ RunTime:0.0000s ]
ERR: 1690:BIGINT UNSIGNED value is out of range in '(`erp`.`clothes`.`total` - 6)'
 [ SQL语句 ] : UPDATE `clothes` SET `total`=total-6 WHERE `id` = 22
ERR: 1690:BIGINT UNSIGNED value is out of range in '(`erp`.`clothes`.`total` - 6)'
 [ SQL语句 ] : UPDATE `clothes` SET `total`=total-6 WHERE `id` = 22

[ 2016-02-21T12:47:40+08:00 ] 127.0.0.1 /ERP/index.php/Home/Index/index.html
INFO: [ app_init ] --START--
INFO: Run Behavior\BuildLiteBehavior [ RunTime:0.000000s ]
INFO: [ app_init ] --END-- [ RunTime:0.000000s ]
INFO: [ app_begin ] --START--
INFO: Run Behavior\ReadHtmlCacheBehavior [ RunTime:0.000000s ]
INFO: [ app_begin ] --END-- [ RunTime:0.000000s ]
SQL: SHOW COLUMNS FROM `stock` [ RunTime:0.0000s ]
SQL: SELECT * FROM `stock`  [ RunTime:0.0000s ]
NOTIC: [2] Missing argument 1 for Think\Controller::show(), called in E:\wamp\www\ERP\Index\Home\Controller\IndexController.class.php on line 7 and defined E:\wamp\www\ERP\ThinkPHP\Library\Think\Controller.class.php 第 68 行.
NOTIC: [8] Undefined variable: content E:\wamp\www\ERP\ThinkPHP\Library\Think\Controller.class.php 第 69 行.
INFO: [ view_parse ] --START--
INFO: [ template_filter ] --START--
INFO: Run Behavior\ContentReplaceBehavior [ RunTime:0.000000s ]
INFO: [ template_filter ] --END-- [ RunTime:0.000000s ]
INFO: Run Behavior\ParseTemplateBehavior [ RunTime:0.015600s ]
INFO: [ view_parse ] --END-- [ RunTime:0.015600s ]
INFO: [ view_filter ] --START--
INFO: Run Behavior\WriteHtmlCacheBehavior [ RunTime:0.000000s ]
INFO: [ view_filter ] --END-- [ RunTime:0.000000s ]
INFO: [ app_end ] --START--
INFO: Run Behavior\ShowPageTraceBehavior [ RunTime:0.000000s ]
INFO: [ app_end ] --END-- [ RunTime:0.000000s ]

[ 2016-02-21T12:47:41+08:00 ] 127.0.0.1 /ERP/Home/Index/systeminfo?_=1456030060941
INFO: [ app_init ] --START--
INFO: Run Behavior\BuildLiteBehavior [ RunTime:0.000000s ]
INFO: [ app_init ] --END-- [ RunTime:0.000000s ]
INFO: [ app_begin ] --START--
INFO: Run Behavior\ReadHtmlCacheBehavior [ RunTime:0.000000s ]
INFO: [ app_begin ] --END-- [ RunTime:0.000000s ]
NOTIC: [2] Missing argument 1 for Think\Controller::show(), called in E:\wamp\www\ERP\Index\Home\Controller\IndexController.class.php on line 10 and defined E:\wamp\www\ERP\ThinkPHP\Library\Think\Controller.class.php 第 68 行.
NOTIC: [8] Undefined variable: content E:\wamp\www\ERP\ThinkPHP\Library\Think\Controller.class.php 第 69 行.
INFO: [ view_parse ] --START--
INFO: [ template_filter ] --START--
INFO: Run Behavior\ContentReplaceBehavior [ RunTime:0.000000s ]
INFO: [ template_filter ] --END-- [ RunTime:0.000000s ]
INFO: Run Behavior\ParseTemplateBehavior [ RunTime:0.015600s ]
INFO: [ view_parse ] --END-- [ RunTime:0.015600s ]
INFO: [ view_filter ] --START--
INFO: Run Behavior\WriteHtmlCacheBehavior [ RunTime:0.000000s ]
INFO: [ view_filter ] --END-- [ RunTime:0.000000s ]
INFO: [ app_end ] --START--
INFO: Run Behavior\ShowPageTraceBehavior [ RunTime:0.000000s ]
INFO: [ app_end ] --END-- [ RunTime:0.000000s ]

[ 2016-02-21T12:47:44+08:00 ] 127.0.0.1 /ERP/Home/Stock/index
INFO: [ app_init ] --START--
INFO: Run Behavior\BuildLiteBehavior [ RunTime:0.000000s ]
INFO: [ app_init ] --END-- [ RunTime:0.000000s ]
INFO: [ app_begin ] --START--
INFO: Run Behavior\ReadHtmlCacheBehavior [ RunTime:0.000000s ]
INFO: [ app_begin ] --END-- [ RunTime:0.000000s ]
NOTIC: [2] Missing argument 1 for Think\Controller::show(), called in E:\wamp\www\ERP\Index\Home\Controller\StockController.class.php on line 14 and defined E:\wamp\www\ERP\ThinkPHP\Library\Think\Controller.class.php 第 68 行.
NOTIC: [8] Undefined variable: content E:\wamp\www\ERP\ThinkPHP\Library\Think\Controller.class.php 第 69 行.
INFO: [ view_parse ] --START--
INFO: [ template_filter ] --START--
INFO: Run Behavior\ContentReplaceBehavior [ RunTime:0.000000s ]
INFO: [ template_filter ] --END-- [ RunTime:0.000000s ]
INFO: Run Behavior\ParseTemplateBehavior [ RunTime:0.015600s ]
INFO: [ view_parse ] --END-- [ RunTime:0.015600s ]
INFO: [ view_filter ] --START--
INFO: Run Behavior\WriteHtmlCacheBehavior [ RunTime:0.000000s ]
INFO: [ view_filter ] --END-- [ RunTime:0.000000s ]
INFO: [ app_end ] --START--
INFO: Run Behavior\ShowPageTraceBehavior [ RunTime:0.000000s ]
INFO: [ app_end ] --END-- [ RunTime:0.000000s ]

[ 2016-02-21T12:47:45+08:00 ] 127.0.0.1 /ERP/index.php/Home/Stock/getData/table/Stock.html
INFO: [ app_init ] --START--
INFO: Run Behavior\BuildLiteBehavior [ RunTime:0.000000s ]
INFO: [ app_init ] --END-- [ RunTime:0.000000s ]
INFO: [ app_begin ] --START--
INFO: Run Behavior\ReadHtmlCacheBehavior [ RunTime:0.000000s ]
INFO: [ app_begin ] --END-- [ RunTime:0.000000s ]
SQL: SHOW COLUMNS FROM `stock` [ RunTime:0.0000s ]
SQL: SELECT * FROM `stock` LIMIT 0,10   [ RunTime:0.0000s ]
SQL: SELECT COUNT(*) AS tp_count FROM `stock` LIMIT 1   [ RunTime:0.0000s ]

[ 2016-02-21T12:47:52+08:00 ] 127.0.0.1 /ERP/index.php/Home/Stock/add.html
INFO: [ app_init ] --START--
INFO: Run Behavior\BuildLiteBehavior [ RunTime:0.000000s ]
INFO: [ app_init ] --END-- [ RunTime:0.015600s ]
INFO: [ app_begin ] --START--
INFO: Run Behavior\ReadHtmlCacheBehavior [ RunTime:0.000000s ]
INFO: [ app_begin ] --END-- [ RunTime:0.000000s ]
SQL: SHOW COLUMNS FROM `stock` [ RunTime:0.0000s ]
SQL: INSERT INTO `stock` (`type`,`remark`) VALUES ('测试数据','0') [ RunTime:0.0936s ]

[ 2016-02-21T12:47:52+08:00 ] 127.0.0.1 /ERP/index.php/Home/Stock/getData/table/Stock.html
INFO: [ app_init ] --START--
INFO: Run Behavior\BuildLiteBehavior [ RunTime:0.000000s ]
INFO: [ app_init ] --END-- [ RunTime:0.000000s ]
INFO: [ app_begin ] --START--
INFO: Run Behavior\ReadHtmlCacheBehavior [ RunTime:0.000000s ]
INFO: [ app_begin ] --END-- [ RunTime:0.000000s ]
SQL: SHOW COLUMNS FROM `stock` [ RunTime:0.0000s ]
SQL: SELECT * FROM `stock` LIMIT 0,10   [ RunTime:0.0000s ]
SQL: SELECT COUNT(*) AS tp_count FROM `stock` LIMIT 1   [ RunTime:0.0000s ]

[ 2016-02-21T12:47:55+08:00 ] 127.0.0.1 /ERP/index.php/Home/Stock/clothes.html?id=17
INFO: [ app_init ] --START--
INFO: Run Behavior\BuildLiteBehavior [ RunTime:0.000000s ]
INFO: [ app_init ] --END-- [ RunTime:0.000000s ]
INFO: [ app_begin ] --START--
INFO: Run Behavior\ReadHtmlCacheBehavior [ RunTime:0.000000s ]
INFO: [ app_begin ] --END-- [ RunTime:0.000000s ]
SQL: SHOW COLUMNS FROM `stock` [ RunTime:0.0000s ]
SQL: SELECT * FROM `stock` WHERE `id` = 17 LIMIT 1   [ RunTime:0.0000s ]
NOTIC: [2] Missing argument 1 for Think\Controller::show(), called in E:\wamp\www\ERP\Index\Home\Controller\StockController.class.php on line 21 and defined E:\wamp\www\ERP\ThinkPHP\Library\Think\Controller.class.php 第 68 行.
NOTIC: [8] Undefined variable: content E:\wamp\www\ERP\ThinkPHP\Library\Think\Controller.class.php 第 69 行.
INFO: [ view_parse ] --START--
INFO: [ template_filter ] --START--
INFO: Run Behavior\ContentReplaceBehavior [ RunTime:0.000000s ]
INFO: [ template_filter ] --END-- [ RunTime:0.000000s ]
NOTIC: [8] Undefined variable: ata E:\wamp\www\ERP\Index\Runtime\Cache\Home\535ea3a2a7732818bc05666fbfa0c3d0.php 第 3 行.
INFO: Run Behavior\ParseTemplateBehavior [ RunTime:0.015600s ]
INFO: [ view_parse ] --END-- [ RunTime:0.015600s ]
INFO: [ view_filter ] --START--
INFO: Run Behavior\WriteHtmlCacheBehavior [ RunTime:0.000000s ]
INFO: [ view_filter ] --END-- [ RunTime:0.000000s ]
INFO: [ app_end ] --START--
INFO: Run Behavior\ShowPageTraceBehavior [ RunTime:0.000000s ]
INFO: [ app_end ] --END-- [ RunTime:0.000000s ]

[ 2016-02-21T12:47:56+08:00 ] 127.0.0.1 /ERP/index.php/Home/Stock/getData/table/clothes/stockId/17.html
INFO: [ app_init ] --START--
INFO: Run Behavior\BuildLiteBehavior [ RunTime:0.000000s ]
INFO: [ app_init ] --END-- [ RunTime:0.000000s ]
INFO: [ app_begin ] --START--
INFO: Run Behavior\ReadHtmlCacheBehavior [ RunTime:0.000000s ]
INFO: [ app_begin ] --END-- [ RunTime:0.000000s ]
SQL: SHOW COLUMNS FROM `clothes` [ RunTime:0.0000s ]
SQL: SELECT COUNT(*) AS tp_count FROM `clothes`  JOIN stock_clothes b on b.stock_id = 17 and b.clothes_id = clothes.id  LIMIT 1   [ RunTime:0.0000s ]
SQL: SELECT clothes.id,clothes.type,clothes.total,clothes.remark FROM `clothes`  JOIN stock_clothes b on b.stock_id = 17 and b.clothes_id = clothes.id  LIMIT 0,10   [ RunTime:0.0000s ]

[ 2016-02-21T12:48:05+08:00 ] 127.0.0.1 /ERP/index.php/Home/Stock/add.html
INFO: [ app_init ] --START--
INFO: Run Behavior\BuildLiteBehavior [ RunTime:0.000000s ]
INFO: [ app_init ] --END-- [ RunTime:0.000000s ]
INFO: [ app_begin ] --START--
INFO: Run Behavior\ReadHtmlCacheBehavior [ RunTime:0.000000s ]
INFO: [ app_begin ] --END-- [ RunTime:0.000000s ]
SQL: SHOW COLUMNS FROM `clothes` [ RunTime:0.0000s ]
SQL: INSERT INTO `clothes` (`type`,`remark`) VALUES ('测试数据2','1') [ RunTime:0.0000s ]
SQL: SHOW COLUMNS FROM `stock_clothes` [ RunTime:0.0000s ]
SQL: INSERT INTO `stock_clothes` (`clothes_id`,`stock_id`) VALUES ('23','17') [ RunTime:0.0000s ]

[ 2016-02-21T12:48:05+08:00 ] 127.0.0.1 /ERP/index.php/Home/Stock/getData/table/clothes/stockId/17.html
INFO: [ app_init ] --START--
INFO: Run Behavior\BuildLiteBehavior [ RunTime:0.000000s ]
INFO: [ app_init ] --END-- [ RunTime:0.000000s ]
INFO: [ app_begin ] --START--
INFO: Run Behavior\ReadHtmlCacheBehavior [ RunTime:0.000000s ]
INFO: [ app_begin ] --END-- [ RunTime:0.000000s ]
SQL: SHOW COLUMNS FROM `clothes` [ RunTime:0.0000s ]
SQL: SELECT COUNT(*) AS tp_count FROM `clothes`  JOIN stock_clothes b on b.stock_id = 17 and b.clothes_id = clothes.id  LIMIT 1   [ RunTime:0.0000s ]
SQL: SELECT clothes.id,clothes.type,clothes.total,clothes.remark FROM `clothes`  JOIN stock_clothes b on b.stock_id = 17 and b.clothes_id = clothes.id  LIMIT 0,10   [ RunTime:0.0000s ]

[ 2016-02-21T12:48:07+08:00 ] 127.0.0.1 /ERP/index.php/Home/Stock/detail.html?id=23
INFO: [ app_init ] --START--
INFO: Run Behavior\BuildLiteBehavior [ RunTime:0.000000s ]
INFO: [ app_init ] --END-- [ RunTime:0.000000s ]
INFO: [ app_begin ] --START--
INFO: Run Behavior\ReadHtmlCacheBehavior [ RunTime:0.000000s ]
INFO: [ app_begin ] --END-- [ RunTime:0.000000s ]
SQL: SHOW COLUMNS FROM `clothes` [ RunTime:0.0000s ]
SQL: SELECT * FROM `clothes` WHERE `id` = 23 LIMIT 1   [ RunTime:0.0000s ]
NOTIC: [2] Missing argument 1 for Think\Controller::show(), called in E:\wamp\www\ERP\Index\Home\Controller\StockController.class.php on line 28 and defined E:\wamp\www\ERP\ThinkPHP\Library\Think\Controller.class.php 第 68 行.
NOTIC: [8] Undefined variable: content E:\wamp\www\ERP\ThinkPHP\Library\Think\Controller.class.php 第 69 行.
INFO: [ view_parse ] --START--
INFO: [ template_filter ] --START--
INFO: Run Behavior\ContentReplaceBehavior [ RunTime:0.000000s ]
INFO: [ template_filter ] --END-- [ RunTime:0.000000s ]
NOTIC: [8] Undefined variable: ata E:\wamp\www\ERP\Index\Runtime\Cache\Home\f1e41f3fb2fb42d07a278dafe635947d.php 第 3 行.
INFO: Run Behavior\ParseTemplateBehavior [ RunTime:0.015600s ]
INFO: [ view_parse ] --END-- [ RunTime:0.015600s ]
INFO: [ view_filter ] --START--
INFO: Run Behavior\WriteHtmlCacheBehavior [ RunTime:0.000000s ]
INFO: [ view_filter ] --END-- [ RunTime:0.000000s ]
INFO: [ app_end ] --START--
INFO: Run Behavior\ShowPageTraceBehavior [ RunTime:0.000000s ]
INFO: [ app_end ] --END-- [ RunTime:0.000000s ]

[ 2016-02-21T12:48:07+08:00 ] 127.0.0.1 /ERP/index.php/Home/Stock/getData/table/clothesdetail/clothesId/23.html
INFO: [ app_init ] --START--
INFO: Run Behavior\BuildLiteBehavior [ RunTime:0.000000s ]
INFO: [ app_init ] --END-- [ RunTime:0.000000s ]
INFO: [ app_begin ] --START--
INFO: Run Behavior\ReadHtmlCacheBehavior [ RunTime:0.000000s ]
INFO: [ app_begin ] --END-- [ RunTime:0.000000s ]
SQL: SHOW COLUMNS FROM `clothesdetail` [ RunTime:0.0000s ]
SQL: SELECT COUNT(*) AS tp_count FROM `clothesdetail`  JOIN clothes_detail b on b.clothes_id = 23 and b.detail_id = clothesdetail.id  LIMIT 1   [ RunTime:0.0000s ]
SQL: SELECT clothesdetail.id,clothesdetail.name,clothesdetail.total,clothesdetail.code,clothesdetail.size,clothesdetail.price,clothesdetail.remark FROM `clothesdetail`  JOIN clothes_detail b on b.clothes_id = 23 and b.detail_id = clothesdetail.id  LIMIT 0,10   [ RunTime:0.0000s ]

[ 2016-02-21T12:48:12+08:00 ] 127.0.0.1 /ERP/index.php/Home/Stock/add.html
INFO: [ app_init ] --START--
INFO: Run Behavior\BuildLiteBehavior [ RunTime:0.000000s ]
INFO: [ app_init ] --END-- [ RunTime:0.000000s ]
INFO: [ app_begin ] --START--
INFO: Run Behavior\ReadHtmlCacheBehavior [ RunTime:0.000000s ]
INFO: [ app_begin ] --END-- [ RunTime:0.000000s ]
SQL: SHOW COLUMNS FROM `clothesdetail` [ RunTime:0.0000s ]
SQL: INSERT INTO `clothesdetail` (`name`,`code`,`size`,`price`,`total`,`remark`) VALUES ('1','1','1','1','11','') [ RunTime:0.0000s ]
SQL: SHOW COLUMNS FROM `clothes_detail` [ RunTime:0.0000s ]
SQL: INSERT INTO `clothes_detail` (`detail_id`,`clothes_id`) VALUES ('17','23') [ RunTime:0.0000s ]
SQL: SELECT * FROM `clothes_detail` WHERE `detail_id` = 17 LIMIT 1   [ RunTime:0.0000s ]
SQL: SHOW COLUMNS FROM `clothes` [ RunTime:0.0000s ]
SQL: UPDATE `clothes` SET `total`=total+11 WHERE `id` = 23 [ RunTime:0.0000s ]
SQL: SHOW COLUMNS FROM `stock_clothes` [ RunTime:0.0000s ]
SQL: SELECT * FROM `stock_clothes` WHERE `clothes_id` = 23 LIMIT 1   [ RunTime:0.0000s ]
SQL: SHOW COLUMNS FROM `stock` [ RunTime:0.0000s ]
SQL: UPDATE `stock` SET `num`=num+11 WHERE `id` = 17 [ RunTime:0.0468s ]

[ 2016-02-21T12:48:12+08:00 ] 127.0.0.1 /ERP/index.php/Home/Stock/getData/table/clothesdetail/clothesId/23.html
INFO: [ app_init ] --START--
INFO: Run Behavior\BuildLiteBehavior [ RunTime:0.000000s ]
INFO: [ app_init ] --END-- [ RunTime:0.000000s ]
INFO: [ app_begin ] --START--
INFO: Run Behavior\ReadHtmlCacheBehavior [ RunTime:0.000000s ]
INFO: [ app_begin ] --END-- [ RunTime:0.000000s ]
SQL: SHOW COLUMNS FROM `clothesdetail` [ RunTime:0.0000s ]
SQL: SELECT COUNT(*) AS tp_count FROM `clothesdetail`  JOIN clothes_detail b on b.clothes_id = 23 and b.detail_id = clothesdetail.id  LIMIT 1   [ RunTime:0.0000s ]
SQL: SELECT clothesdetail.id,clothesdetail.name,clothesdetail.total,clothesdetail.code,clothesdetail.size,clothesdetail.price,clothesdetail.remark FROM `clothesdetail`  JOIN clothes_detail b on b.clothes_id = 23 and b.detail_id = clothesdetail.id  LIMIT 0,10   [ RunTime:0.0156s ]

[ 2016-02-21T12:48:16+08:00 ] 127.0.0.1 /ERP/index.php/Home/Index/index.html
INFO: [ app_init ] --START--
INFO: Run Behavior\BuildLiteBehavior [ RunTime:0.000000s ]
INFO: [ app_init ] --END-- [ RunTime:0.015601s ]
INFO: [ app_begin ] --START--
INFO: Run Behavior\ReadHtmlCacheBehavior [ RunTime:0.000000s ]
INFO: [ app_begin ] --END-- [ RunTime:0.000000s ]
SQL: SHOW COLUMNS FROM `stock` [ RunTime:0.0000s ]
SQL: SELECT * FROM `stock`  [ RunTime:0.0000s ]
NOTIC: [2] Missing argument 1 for Think\Controller::show(), called in E:\wamp\www\ERP\Index\Home\Controller\IndexController.class.php on line 7 and defined E:\wamp\www\ERP\ThinkPHP\Library\Think\Controller.class.php 第 68 行.
NOTIC: [8] Undefined variable: content E:\wamp\www\ERP\ThinkPHP\Library\Think\Controller.class.php 第 69 行.
INFO: [ view_parse ] --START--
INFO: [ template_filter ] --START--
INFO: Run Behavior\ContentReplaceBehavior [ RunTime:0.015600s ]
INFO: [ template_filter ] --END-- [ RunTime:0.015600s ]
INFO: Run Behavior\ParseTemplateBehavior [ RunTime:0.015600s ]
INFO: [ view_parse ] --END-- [ RunTime:0.015600s ]
INFO: [ view_filter ] --START--
INFO: Run Behavior\WriteHtmlCacheBehavior [ RunTime:0.000000s ]
INFO: [ view_filter ] --END-- [ RunTime:0.000000s ]
INFO: [ app_end ] --START--
INFO: Run Behavior\ShowPageTraceBehavior [ RunTime:0.000000s ]
INFO: [ app_end ] --END-- [ RunTime:0.000000s ]

[ 2016-02-21T12:48:17+08:00 ] 127.0.0.1 /ERP/Home/Index/systeminfo?_=1456030097034
INFO: [ app_init ] --START--
INFO: Run Behavior\BuildLiteBehavior [ RunTime:0.000000s ]
INFO: [ app_init ] --END-- [ RunTime:0.000000s ]
INFO: [ app_begin ] --START--
INFO: Run Behavior\ReadHtmlCacheBehavior [ RunTime:0.000000s ]
INFO: [ app_begin ] --END-- [ RunTime:0.000000s ]
NOTIC: [2] Missing argument 1 for Think\Controller::show(), called in E:\wamp\www\ERP\Index\Home\Controller\IndexController.class.php on line 10 and defined E:\wamp\www\ERP\ThinkPHP\Library\Think\Controller.class.php 第 68 行.
NOTIC: [8] Undefined variable: content E:\wamp\www\ERP\ThinkPHP\Library\Think\Controller.class.php 第 69 行.
INFO: [ view_parse ] --START--
INFO: [ template_filter ] --START--
INFO: Run Behavior\ContentReplaceBehavior [ RunTime:0.000000s ]
INFO: [ template_filter ] --END-- [ RunTime:0.000000s ]
INFO: Run Behavior\ParseTemplateBehavior [ RunTime:0.000000s ]
INFO: [ view_parse ] --END-- [ RunTime:0.000000s ]
INFO: [ view_filter ] --START--
INFO: Run Behavior\WriteHtmlCacheBehavior [ RunTime:0.015600s ]
INFO: [ view_filter ] --END-- [ RunTime:0.015600s ]
INFO: [ app_end ] --START--
INFO: Run Behavior\ShowPageTraceBehavior [ RunTime:0.000000s ]
INFO: [ app_end ] --END-- [ RunTime:0.000000s ]

[ 2016-02-21T12:48:19+08:00 ] 127.0.0.1 /ERP/Home/Stock/index
INFO: [ app_init ] --START--
INFO: Run Behavior\BuildLiteBehavior [ RunTime:0.000000s ]
INFO: [ app_init ] --END-- [ RunTime:0.000000s ]
INFO: [ app_begin ] --START--
INFO: Run Behavior\ReadHtmlCacheBehavior [ RunTime:0.000000s ]
INFO: [ app_begin ] --END-- [ RunTime:0.000000s ]
NOTIC: [2] Missing argument 1 for Think\Controller::show(), called in E:\wamp\www\ERP\Index\Home\Controller\StockController.class.php on line 14 and defined E:\wamp\www\ERP\ThinkPHP\Library\Think\Controller.class.php 第 68 行.
NOTIC: [8] Undefined variable: content E:\wamp\www\ERP\ThinkPHP\Library\Think\Controller.class.php 第 69 行.
INFO: [ view_parse ] --START--
INFO: [ template_filter ] --START--
INFO: Run Behavior\ContentReplaceBehavior [ RunTime:0.000000s ]
INFO: [ template_filter ] --END-- [ RunTime:0.000000s ]
INFO: Run Behavior\ParseTemplateBehavior [ RunTime:0.000000s ]
INFO: [ view_parse ] --END-- [ RunTime:0.000000s ]
INFO: [ view_filter ] --START--
INFO: Run Behavior\WriteHtmlCacheBehavior [ RunTime:0.000000s ]
INFO: [ view_filter ] --END-- [ RunTime:0.000000s ]
INFO: [ app_end ] --START--
INFO: Run Behavior\ShowPageTraceBehavior [ RunTime:0.000000s ]
INFO: [ app_end ] --END-- [ RunTime:0.000000s ]

[ 2016-02-21T12:48:20+08:00 ] 127.0.0.1 /ERP/index.php/Home/Stock/getData/table/Stock.html
INFO: [ app_init ] --START--
INFO: Run Behavior\BuildLiteBehavior [ RunTime:0.000000s ]
INFO: [ app_init ] --END-- [ RunTime:0.000000s ]
INFO: [ app_begin ] --START--
INFO: Run Behavior\ReadHtmlCacheBehavior [ RunTime:0.000000s ]
INFO: [ app_begin ] --END-- [ RunTime:0.000000s ]
SQL: SHOW COLUMNS FROM `stock` [ RunTime:0.0000s ]
SQL: SELECT * FROM `stock` LIMIT 0,10   [ RunTime:0.0000s ]
SQL: SELECT COUNT(*) AS tp_count FROM `stock` LIMIT 1   [ RunTime:0.0000s ]

[ 2016-02-21T12:48:21+08:00 ] 127.0.0.1 /ERP/Home/Stock/clothes?id=17
INFO: [ app_init ] --START--
INFO: Run Behavior\BuildLiteBehavior [ RunTime:0.000000s ]
INFO: [ app_init ] --END-- [ RunTime:0.000000s ]
INFO: [ app_begin ] --START--
INFO: Run Behavior\ReadHtmlCacheBehavior [ RunTime:0.000000s ]
INFO: [ app_begin ] --END-- [ RunTime:0.000000s ]
SQL: SHOW COLUMNS FROM `stock` [ RunTime:0.0000s ]
SQL: SELECT * FROM `stock` WHERE `id` = 17 LIMIT 1   [ RunTime:0.0000s ]
NOTIC: [2] Missing argument 1 for Think\Controller::show(), called in E:\wamp\www\ERP\Index\Home\Controller\StockController.class.php on line 21 and defined E:\wamp\www\ERP\ThinkPHP\Library\Think\Controller.class.php 第 68 行.
NOTIC: [8] Undefined variable: content E:\wamp\www\ERP\ThinkPHP\Library\Think\Controller.class.php 第 69 行.
INFO: [ view_parse ] --START--
INFO: [ template_filter ] --START--
INFO: Run Behavior\ContentReplaceBehavior [ RunTime:0.000000s ]
INFO: [ template_filter ] --END-- [ RunTime:0.015600s ]
NOTIC: [8] Undefined variable: ata E:\wamp\www\ERP\Index\Runtime\Cache\Home\535ea3a2a7732818bc05666fbfa0c3d0.php 第 3 行.
INFO: Run Behavior\ParseTemplateBehavior [ RunTime:0.015600s ]
INFO: [ view_parse ] --END-- [ RunTime:0.015600s ]
INFO: [ view_filter ] --START--
INFO: Run Behavior\WriteHtmlCacheBehavior [ RunTime:0.000000s ]
INFO: [ view_filter ] --END-- [ RunTime:0.000000s ]
INFO: [ app_end ] --START--
INFO: Run Behavior\ShowPageTraceBehavior [ RunTime:0.000000s ]
INFO: [ app_end ] --END-- [ RunTime:0.000000s ]

[ 2016-02-21T12:48:21+08:00 ] 127.0.0.1 /ERP/index.php/Home/Stock/getData/table/clothes/stockId/17.html
INFO: [ app_init ] --START--
INFO: Run Behavior\BuildLiteBehavior [ RunTime:0.000000s ]
INFO: [ app_init ] --END-- [ RunTime:0.000000s ]
INFO: [ app_begin ] --START--
INFO: Run Behavior\ReadHtmlCacheBehavior [ RunTime:0.000000s ]
INFO: [ app_begin ] --END-- [ RunTime:0.000000s ]
SQL: SHOW COLUMNS FROM `clothes` [ RunTime:0.0000s ]
SQL: SELECT COUNT(*) AS tp_count FROM `clothes`  JOIN stock_clothes b on b.stock_id = 17 and b.clothes_id = clothes.id  LIMIT 1   [ RunTime:0.0000s ]
SQL: SELECT clothes.id,clothes.type,clothes.total,clothes.remark FROM `clothes`  JOIN stock_clothes b on b.stock_id = 17 and b.clothes_id = clothes.id  LIMIT 0,10   [ RunTime:0.0000s ]

[ 2016-02-21T12:48:23+08:00 ] 127.0.0.1 /ERP/index.php/Home/Stock/detail.html?id=23
INFO: [ app_init ] --START--
INFO: Run Behavior\BuildLiteBehavior [ RunTime:0.000000s ]
INFO: [ app_init ] --END-- [ RunTime:0.015600s ]
INFO: [ app_begin ] --START--
INFO: Run Behavior\ReadHtmlCacheBehavior [ RunTime:0.000000s ]
INFO: [ app_begin ] --END-- [ RunTime:0.000000s ]
SQL: SHOW COLUMNS FROM `clothes` [ RunTime:0.0000s ]
SQL: SELECT * FROM `clothes` WHERE `id` = 23 LIMIT 1   [ RunTime:0.0000s ]
NOTIC: [2] Missing argument 1 for Think\Controller::show(), called in E:\wamp\www\ERP\Index\Home\Controller\StockController.class.php on line 28 and defined E:\wamp\www\ERP\ThinkPHP\Library\Think\Controller.class.php 第 68 行.
NOTIC: [8] Undefined variable: content E:\wamp\www\ERP\ThinkPHP\Library\Think\Controller.class.php 第 69 行.
INFO: [ view_parse ] --START--
INFO: [ template_filter ] --START--
INFO: Run Behavior\ContentReplaceBehavior [ RunTime:0.000000s ]
INFO: [ template_filter ] --END-- [ RunTime:0.000000s ]
NOTIC: [8] Undefined variable: ata E:\wamp\www\ERP\Index\Runtime\Cache\Home\f1e41f3fb2fb42d07a278dafe635947d.php 第 3 行.
INFO: Run Behavior\ParseTemplateBehavior [ RunTime:0.015600s ]
INFO: [ view_parse ] --END-- [ RunTime:0.015600s ]
INFO: [ view_filter ] --START--
INFO: Run Behavior\WriteHtmlCacheBehavior [ RunTime:0.000000s ]
INFO: [ view_filter ] --END-- [ RunTime:0.000000s ]
INFO: [ app_end ] --START--
INFO: Run Behavior\ShowPageTraceBehavior [ RunTime:0.000000s ]
INFO: [ app_end ] --END-- [ RunTime:0.000000s ]

[ 2016-02-21T12:48:23+08:00 ] 127.0.0.1 /ERP/index.php/Home/Stock/getData/table/clothesdetail/clothesId/23.html
INFO: [ app_init ] --START--
INFO: Run Behavior\BuildLiteBehavior [ RunTime:0.000000s ]
INFO: [ app_init ] --END-- [ RunTime:0.000000s ]
INFO: [ app_begin ] --START--
INFO: Run Behavior\ReadHtmlCacheBehavior [ RunTime:0.000000s ]
INFO: [ app_begin ] --END-- [ RunTime:0.000000s ]
SQL: SHOW COLUMNS FROM `clothesdetail` [ RunTime:0.0000s ]
SQL: SELECT COUNT(*) AS tp_count FROM `clothesdetail`  JOIN clothes_detail b on b.clothes_id = 23 and b.detail_id = clothesdetail.id  LIMIT 1   [ RunTime:0.0000s ]
SQL: SELECT clothesdetail.id,clothesdetail.name,clothesdetail.total,clothesdetail.code,clothesdetail.size,clothesdetail.price,clothesdetail.remark FROM `clothesdetail`  JOIN clothes_detail b on b.clothes_id = 23 and b.detail_id = clothesdetail.id  LIMIT 0,10   [ RunTime:0.0000s ]

[ 2016-02-21T12:48:29+08:00 ] 127.0.0.1 /ERP/index.php/Home/Stock/add.html
INFO: [ app_init ] --START--
INFO: Run Behavior\BuildLiteBehavior [ RunTime:0.000000s ]
INFO: [ app_init ] --END-- [ RunTime:0.000000s ]
INFO: [ app_begin ] --START--
INFO: Run Behavior\ReadHtmlCacheBehavior [ RunTime:0.000000s ]
INFO: [ app_begin ] --END-- [ RunTime:0.000000s ]
SQL: SHOW COLUMNS FROM `clothesdetail` [ RunTime:0.0000s ]
SQL: INSERT INTO `clothesdetail` (`name`,`code`,`size`,`price`,`total`,`remark`) VALUES ('1','1','1','1','99','') [ RunTime:0.0000s ]
SQL: SHOW COLUMNS FROM `clothes_detail` [ RunTime:0.0156s ]
SQL: INSERT INTO `clothes_detail` (`detail_id`,`clothes_id`) VALUES ('18','23') [ RunTime:0.0000s ]
SQL: SELECT * FROM `clothes_detail` WHERE `detail_id` = 18 LIMIT 1   [ RunTime:0.0000s ]
SQL: SHOW COLUMNS FROM `clothes` [ RunTime:0.0000s ]
SQL: UPDATE `clothes` SET `total`=total+99 WHERE `id` = 23 [ RunTime:0.0000s ]
SQL: SHOW COLUMNS FROM `stock_clothes` [ RunTime:0.0000s ]
SQL: SELECT * FROM `stock_clothes` WHERE `clothes_id` = 23 LIMIT 1   [ RunTime:0.0000s ]
SQL: SHOW COLUMNS FROM `stock` [ RunTime:0.0000s ]
SQL: UPDATE `stock` SET `num`=num+99 WHERE `id` = 17 [ RunTime:0.1560s ]

[ 2016-02-21T12:48:29+08:00 ] 127.0.0.1 /ERP/index.php/Home/Stock/getData/table/clothesdetail/clothesId/23.html
INFO: [ app_init ] --START--
INFO: Run Behavior\BuildLiteBehavior [ RunTime:0.000000s ]
INFO: [ app_init ] --END-- [ RunTime:0.000000s ]
INFO: [ app_begin ] --START--
INFO: Run Behavior\ReadHtmlCacheBehavior [ RunTime:0.000000s ]
INFO: [ app_begin ] --END-- [ RunTime:0.000000s ]
SQL: SHOW COLUMNS FROM `clothesdetail` [ RunTime:0.0156s ]
SQL: SELECT COUNT(*) AS tp_count FROM `clothesdetail`  JOIN clothes_detail b on b.clothes_id = 23 and b.detail_id = clothesdetail.id  LIMIT 1   [ RunTime:0.0000s ]
SQL: SELECT clothesdetail.id,clothesdetail.name,clothesdetail.total,clothesdetail.code,clothesdetail.size,clothesdetail.price,clothesdetail.remark FROM `clothesdetail`  JOIN clothes_detail b on b.clothes_id = 23 and b.detail_id = clothesdetail.id  LIMIT 0,10   [ RunTime:0.0000s ]

[ 2016-02-21T12:48:32+08:00 ] 127.0.0.1 /ERP/index.php/Home/Stock/getData/table/Stock.html
INFO: [ app_init ] --START--
INFO: Run Behavior\BuildLiteBehavior [ RunTime:0.000000s ]
INFO: [ app_init ] --END-- [ RunTime:0.000000s ]
INFO: [ app_begin ] --START--
INFO: Run Behavior\ReadHtmlCacheBehavior [ RunTime:0.000000s ]
INFO: [ app_begin ] --END-- [ RunTime:0.000000s ]
SQL: SHOW COLUMNS FROM `stock` [ RunTime:0.0000s ]
SQL: SELECT * FROM `stock` LIMIT 0,10   [ RunTime:0.0000s ]
SQL: SELECT COUNT(*) AS tp_count FROM `stock` LIMIT 1   [ RunTime:0.0000s ]

[ 2016-02-21T12:48:37+08:00 ] 127.0.0.1 /ERP/index.php/Home/Stock/clothes.html?id=17
INFO: [ app_init ] --START--
INFO: Run Behavior\BuildLiteBehavior [ RunTime:0.000000s ]
INFO: [ app_init ] --END-- [ RunTime:0.000000s ]
INFO: [ app_begin ] --START--
INFO: Run Behavior\ReadHtmlCacheBehavior [ RunTime:0.000000s ]
INFO: [ app_begin ] --END-- [ RunTime:0.000000s ]
SQL: SHOW COLUMNS FROM `stock` [ RunTime:0.0000s ]
SQL: SELECT * FROM `stock` WHERE `id` = 17 LIMIT 1   [ RunTime:0.0000s ]
NOTIC: [2] Missing argument 1 for Think\Controller::show(), called in E:\wamp\www\ERP\Index\Home\Controller\StockController.class.php on line 21 and defined E:\wamp\www\ERP\ThinkPHP\Library\Think\Controller.class.php 第 68 行.
NOTIC: [8] Undefined variable: content E:\wamp\www\ERP\ThinkPHP\Library\Think\Controller.class.php 第 69 行.
INFO: [ view_parse ] --START--
INFO: [ template_filter ] --START--
INFO: Run Behavior\ContentReplaceBehavior [ RunTime:0.000000s ]
INFO: [ template_filter ] --END-- [ RunTime:0.000000s ]
NOTIC: [8] Undefined variable: ata E:\wamp\www\ERP\Index\Runtime\Cache\Home\535ea3a2a7732818bc05666fbfa0c3d0.php 第 3 行.
INFO: Run Behavior\ParseTemplateBehavior [ RunTime:0.000000s ]
INFO: [ view_parse ] --END-- [ RunTime:0.000000s ]
INFO: [ view_filter ] --START--
INFO: Run Behavior\WriteHtmlCacheBehavior [ RunTime:0.000000s ]
INFO: [ view_filter ] --END-- [ RunTime:0.000000s ]
INFO: [ app_end ] --START--
INFO: Run Behavior\ShowPageTraceBehavior [ RunTime:0.000000s ]
INFO: [ app_end ] --END-- [ RunTime:0.015600s ]

[ 2016-02-21T12:48:37+08:00 ] 127.0.0.1 /ERP/index.php/Home/Stock/getData/table/clothes/stockId/17.html
INFO: [ app_init ] --START--
INFO: Run Behavior\BuildLiteBehavior [ RunTime:0.000000s ]
INFO: [ app_init ] --END-- [ RunTime:0.015600s ]
INFO: [ app_begin ] --START--
INFO: Run Behavior\ReadHtmlCacheBehavior [ RunTime:0.000000s ]
INFO: [ app_begin ] --END-- [ RunTime:0.000000s ]
SQL: SHOW COLUMNS FROM `clothes` [ RunTime:0.0000s ]
SQL: SELECT COUNT(*) AS tp_count FROM `clothes`  JOIN stock_clothes b on b.stock_id = 17 and b.clothes_id = clothes.id  LIMIT 1   [ RunTime:0.0000s ]
SQL: SELECT clothes.id,clothes.type,clothes.total,clothes.remark FROM `clothes`  JOIN stock_clothes b on b.stock_id = 17 and b.clothes_id = clothes.id  LIMIT 0,10   [ RunTime:0.0000s ]

[ 2016-02-21T12:48:41+08:00 ] 127.0.0.1 /ERP/index.php/Home/Stock/del.html
INFO: [ app_init ] --START--
INFO: Run Behavior\BuildLiteBehavior [ RunTime:0.000000s ]
INFO: [ app_init ] --END-- [ RunTime:0.000000s ]
INFO: [ app_begin ] --START--
INFO: Run Behavior\ReadHtmlCacheBehavior [ RunTime:0.015600s ]
INFO: [ app_begin ] --END-- [ RunTime:0.015600s ]
SQL: SHOW COLUMNS FROM `clothesdetail` [ RunTime:0.0000s ]
SQL: SELECT * FROM `clothesdetail` WHERE `id` = 17 LIMIT 1   [ RunTime:0.0000s ]
SQL: SHOW COLUMNS FROM `clothes_detail` [ RunTime:0.0000s ]
SQL: SELECT * FROM `clothes_detail` WHERE `detail_id` = 17 LIMIT 1   [ RunTime:0.0000s ]
SQL: SHOW COLUMNS FROM `clothes` [ RunTime:0.0000s ]
SQL: UPDATE `clothes` SET `total`=total-11 WHERE `id` = 23 [ RunTime:0.0000s ]
SQL: SHOW COLUMNS FROM `stock_clothes` [ RunTime:0.0000s ]
SQL: SELECT * FROM `stock_clothes` WHERE `clothes_id` = 23 LIMIT 1   [ RunTime:0.0000s ]
SQL: SHOW COLUMNS FROM `stock` [ RunTime:0.0000s ]
SQL: UPDATE `stock` SET `num`=num-11 WHERE `id` = 17 [ RunTime:0.0468s ]
SQL: DELETE FROM `clothes_detail` WHERE `detail_id` = 17 [ RunTime:0.0000s ]
SQL: DELETE FROM `clothesdetail` WHERE `id` = 17 [ RunTime:0.0000s ]

[ 2016-02-21T12:48:41+08:00 ] 127.0.0.1 /ERP/index.php/Home/Stock/getData/table/clothesdetail/clothesId/23.html
INFO: [ app_init ] --START--
INFO: Run Behavior\BuildLiteBehavior [ RunTime:0.000000s ]
INFO: [ app_init ] --END-- [ RunTime:0.000000s ]
INFO: [ app_begin ] --START--
INFO: Run Behavior\ReadHtmlCacheBehavior [ RunTime:0.000000s ]
INFO: [ app_begin ] --END-- [ RunTime:0.000000s ]
SQL: SHOW COLUMNS FROM `clothesdetail` [ RunTime:0.0000s ]
SQL: SELECT COUNT(*) AS tp_count FROM `clothesdetail`  JOIN clothes_detail b on b.clothes_id = 23 and b.detail_id = clothesdetail.id  LIMIT 1   [ RunTime:0.0000s ]
SQL: SELECT clothesdetail.id,clothesdetail.name,clothesdetail.total,clothesdetail.code,clothesdetail.size,clothesdetail.price,clothesdetail.remark FROM `clothesdetail`  JOIN clothes_detail b on b.clothes_id = 23 and b.detail_id = clothesdetail.id  LIMIT 0,10   [ RunTime:0.0000s ]

[ 2016-02-21T12:48:42+08:00 ] 127.0.0.1 /ERP/index.php/Home/Index/index.html
INFO: [ app_init ] --START--
INFO: Run Behavior\BuildLiteBehavior [ RunTime:0.000000s ]
INFO: [ app_init ] --END-- [ RunTime:0.000000s ]
INFO: [ app_begin ] --START--
INFO: Run Behavior\ReadHtmlCacheBehavior [ RunTime:0.000000s ]
INFO: [ app_begin ] --END-- [ RunTime:0.000000s ]
SQL: SHOW COLUMNS FROM `stock` [ RunTime:0.0000s ]
SQL: SELECT * FROM `stock`  [ RunTime:0.0000s ]
NOTIC: [2] Missing argument 1 for Think\Controller::show(), called in E:\wamp\www\ERP\Index\Home\Controller\IndexController.class.php on line 7 and defined E:\wamp\www\ERP\ThinkPHP\Library\Think\Controller.class.php 第 68 行.
NOTIC: [8] Undefined variable: content E:\wamp\www\ERP\ThinkPHP\Library\Think\Controller.class.php 第 69 行.
INFO: [ view_parse ] --START--
INFO: [ template_filter ] --START--
INFO: Run Behavior\ContentReplaceBehavior [ RunTime:0.000000s ]
INFO: [ template_filter ] --END-- [ RunTime:0.000000s ]
INFO: Run Behavior\ParseTemplateBehavior [ RunTime:0.015600s ]
INFO: [ view_parse ] --END-- [ RunTime:0.015600s ]
INFO: [ view_filter ] --START--
INFO: Run Behavior\WriteHtmlCacheBehavior [ RunTime:0.000000s ]
INFO: [ view_filter ] --END-- [ RunTime:0.000000s ]
INFO: [ app_end ] --START--
INFO: Run Behavior\ShowPageTraceBehavior [ RunTime:0.000000s ]
INFO: [ app_end ] --END-- [ RunTime:0.000000s ]

[ 2016-02-21T12:48:43+08:00 ] 127.0.0.1 /ERP/Home/Index/systeminfo?_=1456030123102
INFO: [ app_init ] --START--
INFO: Run Behavior\BuildLiteBehavior [ RunTime:0.000000s ]
INFO: [ app_init ] --END-- [ RunTime:0.000000s ]
INFO: [ app_begin ] --START--
INFO: Run Behavior\ReadHtmlCacheBehavior [ RunTime:0.000000s ]
INFO: [ app_begin ] --END-- [ RunTime:0.000000s ]
NOTIC: [2] Missing argument 1 for Think\Controller::show(), called in E:\wamp\www\ERP\Index\Home\Controller\IndexController.class.php on line 10 and defined E:\wamp\www\ERP\ThinkPHP\Library\Think\Controller.class.php 第 68 行.
NOTIC: [8] Undefined variable: content E:\wamp\www\ERP\ThinkPHP\Library\Think\Controller.class.php 第 69 行.
INFO: [ view_parse ] --START--
INFO: [ template_filter ] --START--
INFO: Run Behavior\ContentReplaceBehavior [ RunTime:0.000000s ]
INFO: [ template_filter ] --END-- [ RunTime:0.000000s ]
INFO: Run Behavior\ParseTemplateBehavior [ RunTime:0.015600s ]
INFO: [ view_parse ] --END-- [ RunTime:0.015600s ]
INFO: [ view_filter ] --START--
INFO: Run Behavior\WriteHtmlCacheBehavior [ RunTime:0.000000s ]
INFO: [ view_filter ] --END-- [ RunTime:0.000000s ]
INFO: [ app_end ] --START--
INFO: Run Behavior\ShowPageTraceBehavior [ RunTime:0.000000s ]
INFO: [ app_end ] --END-- [ RunTime:0.000000s ]

[ 2016-02-21T12:48:45+08:00 ] 127.0.0.1 /ERP/Home/Stock/index
INFO: [ app_init ] --START--
INFO: Run Behavior\BuildLiteBehavior [ RunTime:0.000000s ]
INFO: [ app_init ] --END-- [ RunTime:0.000000s ]
INFO: [ app_begin ] --START--
INFO: Run Behavior\ReadHtmlCacheBehavior [ RunTime:0.000000s ]
INFO: [ app_begin ] --END-- [ RunTime:0.000000s ]
NOTIC: [2] Missing argument 1 for Think\Controller::show(), called in E:\wamp\www\ERP\Index\Home\Controller\StockController.class.php on line 14 and defined E:\wamp\www\ERP\ThinkPHP\Library\Think\Controller.class.php 第 68 行.
NOTIC: [8] Undefined variable: content E:\wamp\www\ERP\ThinkPHP\Library\Think\Controller.class.php 第 69 行.
INFO: [ view_parse ] --START--
INFO: [ template_filter ] --START--
INFO: Run Behavior\ContentReplaceBehavior [ RunTime:0.000000s ]
INFO: [ template_filter ] --END-- [ RunTime:0.000000s ]
INFO: Run Behavior\ParseTemplateBehavior [ RunTime:0.015600s ]
INFO: [ view_parse ] --END-- [ RunTime:0.015600s ]
INFO: [ view_filter ] --START--
INFO: Run Behavior\WriteHtmlCacheBehavior [ RunTime:0.000000s ]
INFO: [ view_filter ] --END-- [ RunTime:0.000000s ]
INFO: [ app_end ] --START--
INFO: Run Behavior\ShowPageTraceBehavior [ RunTime:0.000000s ]
INFO: [ app_end ] --END-- [ RunTime:0.000000s ]

[ 2016-02-21T12:48:46+08:00 ] 127.0.0.1 /ERP/index.php/Home/Stock/getData/table/Stock.html
INFO: [ app_init ] --START--
INFO: Run Behavior\BuildLiteBehavior [ RunTime:0.000000s ]
INFO: [ app_init ] --END-- [ RunTime:0.000000s ]
INFO: [ app_begin ] --START--
INFO: Run Behavior\ReadHtmlCacheBehavior [ RunTime:0.000000s ]
INFO: [ app_begin ] --END-- [ RunTime:0.000000s ]
SQL: SHOW COLUMNS FROM `stock` [ RunTime:0.0000s ]
SQL: SELECT * FROM `stock` LIMIT 0,10   [ RunTime:0.0000s ]
SQL: SELECT COUNT(*) AS tp_count FROM `stock` LIMIT 1   [ RunTime:0.0000s ]

[ 2016-02-21T12:48:46+08:00 ] 127.0.0.1 /ERP/Home/Stock/clothes?id=17
INFO: [ app_init ] --START--
INFO: Run Behavior\BuildLiteBehavior [ RunTime:0.000000s ]
INFO: [ app_init ] --END-- [ RunTime:0.015600s ]
INFO: [ app_begin ] --START--
INFO: Run Behavior\ReadHtmlCacheBehavior [ RunTime:0.000000s ]
INFO: [ app_begin ] --END-- [ RunTime:0.000000s ]
SQL: SHOW COLUMNS FROM `stock` [ RunTime:0.0000s ]
SQL: SELECT * FROM `stock` WHERE `id` = 17 LIMIT 1   [ RunTime:0.0000s ]
NOTIC: [2] Missing argument 1 for Think\Controller::show(), called in E:\wamp\www\ERP\Index\Home\Controller\StockController.class.php on line 21 and defined E:\wamp\www\ERP\ThinkPHP\Library\Think\Controller.class.php 第 68 行.
NOTIC: [8] Undefined variable: content E:\wamp\www\ERP\ThinkPHP\Library\Think\Controller.class.php 第 69 行.
INFO: [ view_parse ] --START--
INFO: [ template_filter ] --START--
INFO: Run Behavior\ContentReplaceBehavior [ RunTime:0.000000s ]
INFO: [ template_filter ] --END-- [ RunTime:0.000000s ]
NOTIC: [8] Undefined variable: ata E:\wamp\www\ERP\Index\Runtime\Cache\Home\535ea3a2a7732818bc05666fbfa0c3d0.php 第 3 行.
INFO: Run Behavior\ParseTemplateBehavior [ RunTime:0.015600s ]
INFO: [ view_parse ] --END-- [ RunTime:0.015600s ]
INFO: [ view_filter ] --START--
INFO: Run Behavior\WriteHtmlCacheBehavior [ RunTime:0.000000s ]
INFO: [ view_filter ] --END-- [ RunTime:0.000000s ]
INFO: [ app_end ] --START--
INFO: Run Behavior\ShowPageTraceBehavior [ RunTime:0.000000s ]
INFO: [ app_end ] --END-- [ RunTime:0.000000s ]

[ 2016-02-21T12:48:47+08:00 ] 127.0.0.1 /ERP/index.php/Home/Stock/getData/table/clothes/stockId/17.html
INFO: [ app_init ] --START--
INFO: Run Behavior\BuildLiteBehavior [ RunTime:0.000000s ]
INFO: [ app_init ] --END-- [ RunTime:0.000000s ]
INFO: [ app_begin ] --START--
INFO: Run Behavior\ReadHtmlCacheBehavior [ RunTime:0.000000s ]
INFO: [ app_begin ] --END-- [ RunTime:0.000000s ]
SQL: SHOW COLUMNS FROM `clothes` [ RunTime:0.0000s ]
SQL: SELECT COUNT(*) AS tp_count FROM `clothes`  JOIN stock_clothes b on b.stock_id = 17 and b.clothes_id = clothes.id  LIMIT 1   [ RunTime:0.0000s ]
SQL: SELECT clothes.id,clothes.type,clothes.total,clothes.remark FROM `clothes`  JOIN stock_clothes b on b.stock_id = 17 and b.clothes_id = clothes.id  LIMIT 0,10   [ RunTime:0.0000s ]

[ 2016-02-21T12:48:48+08:00 ] 127.0.0.1 /ERP/index.php/Home/Stock/detail.html?id=23
INFO: [ app_init ] --START--
INFO: Run Behavior\BuildLiteBehavior [ RunTime:0.000000s ]
INFO: [ app_init ] --END-- [ RunTime:0.000000s ]
INFO: [ app_begin ] --START--
INFO: Run Behavior\ReadHtmlCacheBehavior [ RunTime:0.000000s ]
INFO: [ app_begin ] --END-- [ RunTime:0.000000s ]
SQL: SHOW COLUMNS FROM `clothes` [ RunTime:0.0000s ]
SQL: SELECT * FROM `clothes` WHERE `id` = 23 LIMIT 1   [ RunTime:0.0000s ]
NOTIC: [2] Missing argument 1 for Think\Controller::show(), called in E:\wamp\www\ERP\Index\Home\Controller\StockController.class.php on line 28 and defined E:\wamp\www\ERP\ThinkPHP\Library\Think\Controller.class.php 第 68 行.
NOTIC: [8] Undefined variable: content E:\wamp\www\ERP\ThinkPHP\Library\Think\Controller.class.php 第 69 行.
INFO: [ view_parse ] --START--
INFO: [ template_filter ] --START--
INFO: Run Behavior\ContentReplaceBehavior [ RunTime:0.000000s ]
INFO: [ template_filter ] --END-- [ RunTime:0.000000s ]
NOTIC: [8] Undefined variable: ata E:\wamp\www\ERP\Index\Runtime\Cache\Home\f1e41f3fb2fb42d07a278dafe635947d.php 第 3 行.
INFO: Run Behavior\ParseTemplateBehavior [ RunTime:0.031200s ]
INFO: [ view_parse ] --END-- [ RunTime:0.031200s ]
INFO: [ view_filter ] --START--
INFO: Run Behavior\WriteHtmlCacheBehavior [ RunTime:0.000000s ]
INFO: [ view_filter ] --END-- [ RunTime:0.000000s ]
INFO: [ app_end ] --START--
INFO: Run Behavior\ShowPageTraceBehavior [ RunTime:0.000000s ]
INFO: [ app_end ] --END-- [ RunTime:0.000000s ]

[ 2016-02-21T12:48:49+08:00 ] 127.0.0.1 /ERP/index.php/Home/Stock/getData/table/clothesdetail/clothesId/23.html
INFO: [ app_init ] --START--
INFO: Run Behavior\BuildLiteBehavior [ RunTime:0.000000s ]
INFO: [ app_init ] --END-- [ RunTime:0.000000s ]
INFO: [ app_begin ] --START--
INFO: Run Behavior\ReadHtmlCacheBehavior [ RunTime:0.000000s ]
INFO: [ app_begin ] --END-- [ RunTime:0.000000s ]
SQL: SHOW COLUMNS FROM `clothesdetail` [ RunTime:0.0000s ]
SQL: SELECT COUNT(*) AS tp_count FROM `clothesdetail`  JOIN clothes_detail b on b.clothes_id = 23 and b.detail_id = clothesdetail.id  LIMIT 1   [ RunTime:0.0000s ]
SQL: SELECT clothesdetail.id,clothesdetail.name,clothesdetail.total,clothesdetail.code,clothesdetail.size,clothesdetail.price,clothesdetail.remark FROM `clothesdetail`  JOIN clothes_detail b on b.clothes_id = 23 and b.detail_id = clothesdetail.id  LIMIT 0,10   [ RunTime:0.0000s ]

[ 2016-02-21T12:48:55+08:00 ] 127.0.0.1 /ERP/index.php/Home/Stock/edit.html?id=18
INFO: [ app_init ] --START--
INFO: Run Behavior\BuildLiteBehavior [ RunTime:0.000000s ]
INFO: [ app_init ] --END-- [ RunTime:0.000000s ]
INFO: [ app_begin ] --START--
INFO: Run Behavior\ReadHtmlCacheBehavior [ RunTime:0.000000s ]
INFO: [ app_begin ] --END-- [ RunTime:0.000000s ]
SQL: SHOW COLUMNS FROM `clothesdetail` [ RunTime:0.0000s ]
SQL: SELECT * FROM `clothesdetail` WHERE `id` = 18 LIMIT 1   [ RunTime:0.0000s ]
SQL: SHOW COLUMNS FROM `clothes_detail` [ RunTime:0.0000s ]
SQL: SELECT * FROM `clothes_detail` WHERE `detail_id` = 18 LIMIT 1   [ RunTime:0.0000s ]
SQL: SHOW COLUMNS FROM `clothes` [ RunTime:0.0000s ]
SQL: UPDATE `clothes` SET `total`=total-99 WHERE `id` = 23 [ RunTime:0.0000s ]
SQL: SHOW COLUMNS FROM `stock_clothes` [ RunTime:0.0000s ]
SQL: SELECT * FROM `stock_clothes` WHERE `clothes_id` = 23 LIMIT 1   [ RunTime:0.0000s ]
SQL: SHOW COLUMNS FROM `stock` [ RunTime:0.0000s ]
SQL: UPDATE `stock` SET `num`=num-99 WHERE `id` = 17 [ RunTime:0.0780s ]
SQL: SELECT * FROM `clothes_detail` WHERE `detail_id` = 18 LIMIT 1   [ RunTime:0.0000s ]
SQL: UPDATE `clothes` SET `total`=total+100 WHERE `id` = 23 [ RunTime:0.0000s ]
SQL: SELECT * FROM `stock_clothes` WHERE `clothes_id` = 23 LIMIT 1   [ RunTime:0.0000s ]
SQL: UPDATE `stock` SET `num`=num+100 WHERE `id` = 17 [ RunTime:0.0312s ]
SQL: UPDATE `clothesdetail` SET `name`='1',`code`='1',`size`='1',`price`='1.00',`total`='100',`remark`='' WHERE `id` = 18 [ RunTime:0.0000s ]

[ 2016-02-21T12:48:56+08:00 ] 127.0.0.1 /ERP/index.php/Home/Stock/getData/table/clothesdetail/clothesId/23.html
INFO: [ app_init ] --START--
INFO: Run Behavior\BuildLiteBehavior [ RunTime:0.000000s ]
INFO: [ app_init ] --END-- [ RunTime:0.000000s ]
INFO: [ app_begin ] --START--
INFO: Run Behavior\ReadHtmlCacheBehavior [ RunTime:0.000000s ]
INFO: [ app_begin ] --END-- [ RunTime:0.000000s ]
SQL: SHOW COLUMNS FROM `clothesdetail` [ RunTime:0.0000s ]
SQL: SELECT COUNT(*) AS tp_count FROM `clothesdetail`  JOIN clothes_detail b on b.clothes_id = 23 and b.detail_id = clothesdetail.id  LIMIT 1   [ RunTime:0.0000s ]
SQL: SELECT clothesdetail.id,clothesdetail.name,clothesdetail.total,clothesdetail.code,clothesdetail.size,clothesdetail.price,clothesdetail.remark FROM `clothesdetail`  JOIN clothes_detail b on b.clothes_id = 23 and b.detail_id = clothesdetail.id  LIMIT 0,10   [ RunTime:0.0000s ]

[ 2016-02-21T12:48:59+08:00 ] 127.0.0.1 /ERP/index.php/Home/Stock/getData/table/Stock.html
INFO: [ app_init ] --START--
INFO: Run Behavior\BuildLiteBehavior [ RunTime:0.000000s ]
INFO: [ app_init ] --END-- [ RunTime:0.000000s ]
INFO: [ app_begin ] --START--
INFO: Run Behavior\ReadHtmlCacheBehavior [ RunTime:0.000000s ]
INFO: [ app_begin ] --END-- [ RunTime:0.000000s ]
SQL: SHOW COLUMNS FROM `stock` [ RunTime:0.0000s ]
SQL: SELECT * FROM `stock` LIMIT 0,10   [ RunTime:0.0000s ]
SQL: SELECT COUNT(*) AS tp_count FROM `stock` LIMIT 1   [ RunTime:0.0000s ]

[ 2016-02-21T12:49:01+08:00 ] 127.0.0.1 /ERP/index.php/Home/Stock/clothes.html?id=17
INFO: [ app_init ] --START--
INFO: Run Behavior\BuildLiteBehavior [ RunTime:0.000000s ]
INFO: [ app_init ] --END-- [ RunTime:0.000000s ]
INFO: [ app_begin ] --START--
INFO: Run Behavior\ReadHtmlCacheBehavior [ RunTime:0.000000s ]
INFO: [ app_begin ] --END-- [ RunTime:0.000000s ]
SQL: SHOW COLUMNS FROM `stock` [ RunTime:0.0000s ]
SQL: SELECT * FROM `stock` WHERE `id` = 17 LIMIT 1   [ RunTime:0.0000s ]
NOTIC: [2] Missing argument 1 for Think\Controller::show(), called in E:\wamp\www\ERP\Index\Home\Controller\StockController.class.php on line 21 and defined E:\wamp\www\ERP\ThinkPHP\Library\Think\Controller.class.php 第 68 行.
NOTIC: [8] Undefined variable: content E:\wamp\www\ERP\ThinkPHP\Library\Think\Controller.class.php 第 69 行.
INFO: [ view_parse ] --START--
INFO: [ template_filter ] --START--
INFO: Run Behavior\ContentReplaceBehavior [ RunTime:0.000000s ]
INFO: [ template_filter ] --END-- [ RunTime:0.000000s ]
NOTIC: [8] Undefined variable: ata E:\wamp\www\ERP\Index\Runtime\Cache\Home\535ea3a2a7732818bc05666fbfa0c3d0.php 第 3 行.
INFO: Run Behavior\ParseTemplateBehavior [ RunTime:0.015600s ]
INFO: [ view_parse ] --END-- [ RunTime:0.015600s ]
INFO: [ view_filter ] --START--
INFO: Run Behavior\WriteHtmlCacheBehavior [ RunTime:0.000000s ]
INFO: [ view_filter ] --END-- [ RunTime:0.000000s ]
INFO: [ app_end ] --START--
INFO: Run Behavior\ShowPageTraceBehavior [ RunTime:0.000000s ]
INFO: [ app_end ] --END-- [ RunTime:0.000000s ]

[ 2016-02-21T12:49:02+08:00 ] 127.0.0.1 /ERP/index.php/Home/Stock/getData/table/clothes/stockId/17.html
INFO: [ app_init ] --START--
INFO: Run Behavior\BuildLiteBehavior [ RunTime:0.000000s ]
INFO: [ app_init ] --END-- [ RunTime:0.000000s ]
INFO: [ app_begin ] --START--
INFO: Run Behavior\ReadHtmlCacheBehavior [ RunTime:0.000000s ]
INFO: [ app_begin ] --END-- [ RunTime:0.000000s ]
SQL: SHOW COLUMNS FROM `clothes` [ RunTime:0.0000s ]
SQL: SELECT COUNT(*) AS tp_count FROM `clothes`  JOIN stock_clothes b on b.stock_id = 17 and b.clothes_id = clothes.id  LIMIT 1   [ RunTime:0.0156s ]
SQL: SELECT clothes.id,clothes.type,clothes.total,clothes.remark FROM `clothes`  JOIN stock_clothes b on b.stock_id = 17 and b.clothes_id = clothes.id  LIMIT 0,10   [ RunTime:0.0000s ]

[ 2016-02-21T12:49:25+08:00 ] 127.0.0.1 /ERP/Home/Stock/index
INFO: [ app_init ] --START--
INFO: Run Behavior\BuildLiteBehavior [ RunTime:0.000000s ]
INFO: [ app_init ] --END-- [ RunTime:0.000000s ]
INFO: [ app_begin ] --START--
INFO: Run Behavior\ReadHtmlCacheBehavior [ RunTime:0.000000s ]
INFO: [ app_begin ] --END-- [ RunTime:0.000000s ]
NOTIC: [2] Missing argument 1 for Think\Controller::show(), called in E:\wamp\www\ERP\Index\Home\Controller\StockController.class.php on line 14 and defined E:\wamp\www\ERP\ThinkPHP\Library\Think\Controller.class.php 第 68 行.
NOTIC: [8] Undefined variable: content E:\wamp\www\ERP\ThinkPHP\Library\Think\Controller.class.php 第 69 行.
INFO: [ view_parse ] --START--
INFO: [ template_filter ] --START--
INFO: Run Behavior\ContentReplaceBehavior [ RunTime:0.000000s ]
INFO: [ template_filter ] --END-- [ RunTime:0.000000s ]
INFO: Run Behavior\ParseTemplateBehavior [ RunTime:0.015600s ]
INFO: [ view_parse ] --END-- [ RunTime:0.015600s ]
INFO: [ view_filter ] --START--
INFO: Run Behavior\WriteHtmlCacheBehavior [ RunTime:0.000000s ]
INFO: [ view_filter ] --END-- [ RunTime:0.000000s ]
INFO: [ app_end ] --START--
INFO: Run Behavior\ShowPageTraceBehavior [ RunTime:0.000000s ]
INFO: [ app_end ] --END-- [ RunTime:0.000000s ]

[ 2016-02-21T12:49:26+08:00 ] 127.0.0.1 /ERP/index.php/Home/Stock/getData/table/Stock.html
INFO: [ app_init ] --START--
INFO: Run Behavior\BuildLiteBehavior [ RunTime:0.000000s ]
INFO: [ app_init ] --END-- [ RunTime:0.000000s ]
INFO: [ app_begin ] --START--
INFO: Run Behavior\ReadHtmlCacheBehavior [ RunTime:0.000000s ]
INFO: [ app_begin ] --END-- [ RunTime:0.000000s ]
SQL: SHOW COLUMNS FROM `stock` [ RunTime:0.0000s ]
SQL: SELECT * FROM `stock` LIMIT 0,10   [ RunTime:0.0000s ]
SQL: SELECT COUNT(*) AS tp_count FROM `stock` LIMIT 1   [ RunTime:0.0000s ]

[ 2016-02-21T12:49:26+08:00 ] 127.0.0.1 /ERP/Home/Stock/clothes?id=17
INFO: [ app_init ] --START--
INFO: Run Behavior\BuildLiteBehavior [ RunTime:0.000000s ]
INFO: [ app_init ] --END-- [ RunTime:0.000000s ]
INFO: [ app_begin ] --START--
INFO: Run Behavior\ReadHtmlCacheBehavior [ RunTime:0.000000s ]
INFO: [ app_begin ] --END-- [ RunTime:0.000000s ]
SQL: SHOW COLUMNS FROM `stock` [ RunTime:0.0000s ]
SQL: SELECT * FROM `stock` WHERE `id` = 17 LIMIT 1   [ RunTime:0.0000s ]
NOTIC: [2] Missing argument 1 for Think\Controller::show(), called in E:\wamp\www\ERP\Index\Home\Controller\StockController.class.php on line 21 and defined E:\wamp\www\ERP\ThinkPHP\Library\Think\Controller.class.php 第 68 行.
NOTIC: [8] Undefined variable: content E:\wamp\www\ERP\ThinkPHP\Library\Think\Controller.class.php 第 69 行.
INFO: [ view_parse ] --START--
INFO: [ template_filter ] --START--
INFO: Run Behavior\ContentReplaceBehavior [ RunTime:0.000000s ]
INFO: [ template_filter ] --END-- [ RunTime:0.000000s ]
NOTIC: [8] Undefined variable: ata E:\wamp\www\ERP\Index\Runtime\Cache\Home\535ea3a2a7732818bc05666fbfa0c3d0.php 第 3 行.
INFO: Run Behavior\ParseTemplateBehavior [ RunTime:0.015600s ]
INFO: [ view_parse ] --END-- [ RunTime:0.015600s ]
INFO: [ view_filter ] --START--
INFO: Run Behavior\WriteHtmlCacheBehavior [ RunTime:0.000000s ]
INFO: [ view_filter ] --END-- [ RunTime:0.000000s ]
INFO: [ app_end ] --START--
INFO: Run Behavior\ShowPageTraceBehavior [ RunTime:0.000000s ]
INFO: [ app_end ] --END-- [ RunTime:0.000000s ]

[ 2016-02-21T12:49:27+08:00 ] 127.0.0.1 /ERP/index.php/Home/Stock/getData/table/clothes/stockId/17.html
INFO: [ app_init ] --START--
INFO: Run Behavior\BuildLiteBehavior [ RunTime:0.000000s ]
INFO: [ app_init ] --END-- [ RunTime:0.000000s ]
INFO: [ app_begin ] --START--
INFO: Run Behavior\ReadHtmlCacheBehavior [ RunTime:0.000000s ]
INFO: [ app_begin ] --END-- [ RunTime:0.000000s ]
SQL: SHOW COLUMNS FROM `clothes` [ RunTime:0.0000s ]
SQL: SELECT COUNT(*) AS tp_count FROM `clothes`  JOIN stock_clothes b on b.stock_id = 17 and b.clothes_id = clothes.id  LIMIT 1   [ RunTime:0.0000s ]
SQL: SELECT clothes.id,clothes.type,clothes.total,clothes.remark FROM `clothes`  JOIN stock_clothes b on b.stock_id = 17 and b.clothes_id = clothes.id  LIMIT 0,10   [ RunTime:0.0000s ]

